{"meta": {"format": 3, "version": "7.12.0", "timestamp": "2025-11-21T16:41:25.937554", "branch_coverage": false, "show_contexts": false}, "files": {"cli/__init__.py": {"executed_lines": [1, 20, 21, 22, 24, 25, 31, 33], "summary": {"covered_lines": 7, "num_statements": 10, "percent_covered": 70.0, "percent_covered_display": "70", "missing_lines": 3, "excluded_lines": 0, "percent_statements_covered": 70.0, "percent_statements_covered_display": "70"}, "missing_lines": [26, 28, 29], "excluded_lines": [], "functions": {"": {"executed_lines": [1, 20, 21, 22, 24, 25, 31, 33], "summary": {"covered_lines": 7, "num_statements": 10, "percent_covered": 70.0, "percent_covered_display": "70", "missing_lines": 3, "excluded_lines": 0, "percent_statements_covered": 70.0, "percent_statements_covered_display": "70"}, "missing_lines": [26, 28, 29], "excluded_lines": []}}, "classes": {"": {"executed_lines": [1, 20, 21, 22, 24, 25, 31, 33], "summary": {"covered_lines": 7, "num_statements": 10, "percent_covered": 70.0, "percent_covered_display": "70", "missing_lines": 3, "excluded_lines": 0, "percent_statements_covered": 70.0, "percent_statements_covered_display": "70"}, "missing_lines": [26, 28, 29], "excluded_lines": []}}}, "cli/code_analyzer.py": {"executed_lines": [2, 13, 14, 15, 16, 17, 19, 20, 23, 24, 25, 26, 27, 28, 31, 32, 33, 34, 35, 36, 37, 38, 39, 40, 41, 43, 48, 49, 50, 51, 52, 53, 54, 55, 58, 59, 63, 72, 103, 130, 158, 218, 297, 327, 365, 418, 458], "summary": {"covered_lines": 42, "num_statements": 231, "percent_covered": 18.181818181818183, "percent_covered_display": "18", "missing_lines": 189, "excluded_lines": 0, "percent_statements_covered": 18.181818181818183, "percent_statements_covered_display": "18"}, "missing_lines": [44, 45, 70, 84, 85, 87, 89, 90, 91, 92, 93, 94, 95, 97, 98, 99, 100, 101, 105, 106, 107, 108, 109, 111, 112, 114, 115, 116, 117, 118, 120, 122, 123, 125, 133, 134, 135, 136, 137, 138, 141, 142, 143, 144, 145, 148, 150, 161, 162, 163, 164, 165, 167, 173, 174, 176, 177, 178, 179, 180, 181, 182, 183, 186, 187, 188, 189, 190, 191, 194, 195, 196, 197, 198, 199, 200, 201, 202, 205, 207, 225, 226, 229, 230, 231, 232, 235, 237, 238, 239, 240, 242, 244, 253, 254, 255, 256, 257, 259, 261, 273, 274, 275, 276, 277, 279, 281, 292, 299, 302, 303, 304, 305, 306, 309, 310, 312, 314, 325, 329, 331, 332, 335, 337, 338, 339, 342, 343, 344, 345, 347, 348, 351, 352, 353, 354, 355, 357, 363, 372, 373, 376, 377, 378, 379, 381, 390, 391, 392, 393, 394, 397, 398, 400, 402, 413, 420, 422, 423, 426, 428, 429, 430, 433, 434, 435, 436, 437, 441, 442, 443, 444, 446, 447, 449, 455, 460, 477, 478, 480, 481, 482, 484, 485, 486, 487, 488, 489, 491], "excluded_lines": [], "functions": {"FunctionSignature.__post_init__": {"executed_lines": [], "summary": {"covered_lines": 0, "num_statements": 2, "percent_covered": 0.0, "percent_covered_display": "0", "missing_lines": 2, "excluded_lines": 0, "percent_statements_covered": 0.0, "percent_statements_covered_display": "0"}, "missing_lines": [44, 45], "excluded_lines": []}, "CodeAnalyzer.__init__": {"executed_lines": [], "summary": {"covered_lines": 0, "num_statements": 1, "percent_covered": 0.0, "percent_covered_display": "0", "missing_lines": 1, "excluded_lines": 0, "percent_statements_covered": 0.0, "percent_statements_covered_display": "0"}, "missing_lines": [70], "excluded_lines": []}, "CodeAnalyzer.analyze_file": {"executed_lines": [], "summary": {"covered_lines": 0, "num_statements": 15, "percent_covered": 0.0, "percent_covered_display": "0", "missing_lines": 15, "excluded_lines": 0, "percent_statements_covered": 0.0, "percent_statements_covered_display": "0"}, "missing_lines": [84, 85, 87, 89, 90, 91, 92, 93, 94, 95, 97, 98, 99, 100, 101], "excluded_lines": []}, "CodeAnalyzer._analyze_python": {"executed_lines": [], "summary": {"covered_lines": 0, "num_statements": 16, "percent_covered": 0.0, "percent_covered_display": "0", "missing_lines": 16, "excluded_lines": 0, "percent_statements_covered": 0.0, "percent_statements_covered_display": "0"}, "missing_lines": [105, 106, 107, 108, 109, 111, 112, 114, 115, 116, 117, 118, 120, 122, 123, 125], "excluded_lines": []}, "CodeAnalyzer._extract_python_class": {"executed_lines": [], "summary": {"covered_lines": 0, "num_statements": 13, "percent_covered": 0.0, "percent_covered_display": "0", "missing_lines": 13, "excluded_lines": 0, "percent_statements_covered": 0.0, "percent_statements_covered_display": "0"}, "missing_lines": [133, 134, 135, 136, 137, 138, 141, 142, 143, 144, 145, 148, 150], "excluded_lines": []}, "CodeAnalyzer._extract_python_function": {"executed_lines": [], "summary": {"covered_lines": 0, "num_statements": 33, "percent_covered": 0.0, "percent_covered_display": "0", "missing_lines": 33, "excluded_lines": 0, "percent_statements_covered": 0.0, "percent_statements_covered_display": "0"}, "missing_lines": [161, 162, 163, 164, 165, 167, 173, 174, 176, 177, 178, 179, 180, 181, 182, 183, 186, 187, 188, 189, 190, 191, 194, 195, 196, 197, 198, 199, 200, 201, 202, 205, 207], "excluded_lines": []}, "CodeAnalyzer._analyze_javascript": {"executed_lines": [], "summary": {"covered_lines": 0, "num_statements": 28, "percent_covered": 0.0, "percent_covered_display": "0", "missing_lines": 28, "excluded_lines": 0, "percent_statements_covered": 0.0, "percent_statements_covered_display": "0"}, "missing_lines": [225, 226, 229, 230, 231, 232, 235, 237, 238, 239, 240, 242, 244, 253, 254, 255, 256, 257, 259, 261, 273, 274, 275, 276, 277, 279, 281, 292], "excluded_lines": []}, "CodeAnalyzer._extract_js_methods": {"executed_lines": [], "summary": {"covered_lines": 0, "num_statements": 11, "percent_covered": 0.0, "percent_covered_display": "0", "missing_lines": 11, "excluded_lines": 0, "percent_statements_covered": 0.0, "percent_statements_covered_display": "0"}, "missing_lines": [299, 302, 303, 304, 305, 306, 309, 310, 312, 314, 325], "excluded_lines": []}, "CodeAnalyzer._parse_js_parameters": {"executed_lines": [], "summary": {"covered_lines": 0, "num_statements": 20, "percent_covered": 0.0, "percent_covered_display": "0", "missing_lines": 20, "excluded_lines": 0, "percent_statements_covered": 0.0, "percent_statements_covered_display": "0"}, "missing_lines": [329, 331, 332, 335, 337, 338, 339, 342, 343, 344, 345, 347, 348, 351, 352, 353, 354, 355, 357, 363], "excluded_lines": []}, "CodeAnalyzer._analyze_cpp": {"executed_lines": [], "summary": {"covered_lines": 0, "num_statements": 17, "percent_covered": 0.0, "percent_covered_display": "0", "missing_lines": 17, "excluded_lines": 0, "percent_statements_covered": 0.0, "percent_statements_covered_display": "0"}, "missing_lines": [372, 373, 376, 377, 378, 379, 381, 390, 391, 392, 393, 394, 397, 398, 400, 402, 413], "excluded_lines": []}, "CodeAnalyzer._parse_cpp_parameters": {"executed_lines": [], "summary": {"covered_lines": 0, "num_statements": 20, "percent_covered": 0.0, "percent_covered_display": "0", "missing_lines": 20, "excluded_lines": 0, "percent_statements_covered": 0.0, "percent_statements_covered_display": "0"}, "missing_lines": [420, 422, 423, 426, 428, 429, 430, 433, 434, 435, 436, 437, 441, 442, 443, 444, 446, 447, 449, 455], "excluded_lines": []}, "": {"executed_lines": [2, 13, 14, 15, 16, 17, 19, 20, 23, 24, 25, 26, 27, 28, 31, 32, 33, 34, 35, 36, 37, 38, 39, 40, 41, 43, 48, 49, 50, 51, 52, 53, 54, 55, 58, 59, 63, 72, 103, 130, 158, 218, 297, 327, 365, 418, 458], "summary": {"covered_lines": 42, "num_statements": 55, "percent_covered": 76.36363636363636, "percent_covered_display": "76", "missing_lines": 13, "excluded_lines": 0, "percent_statements_covered": 76.36363636363636, "percent_statements_covered_display": "76"}, "missing_lines": [460, 477, 478, 480, 481, 482, 484, 485, 486, 487, 488, 489, 491], "excluded_lines": []}}, "classes": {"Parameter": {"executed_lines": [], "summary": {"covered_lines": 0, "num_statements": 0, "percent_covered": 100.0, "percent_covered_display": "100", "missing_lines": 0, "excluded_lines": 0, "percent_statements_covered": 100.0, "percent_statements_covered_display": "100"}, "missing_lines": [], "excluded_lines": []}, "FunctionSignature": {"executed_lines": [], "summary": {"covered_lines": 0, "num_statements": 2, "percent_covered": 0.0, "percent_covered_display": "0", "missing_lines": 2, "excluded_lines": 0, "percent_statements_covered": 0.0, "percent_statements_covered_display": "0"}, "missing_lines": [44, 45], "excluded_lines": []}, "ClassSignature": {"executed_lines": [], "summary": {"covered_lines": 0, "num_statements": 0, "percent_covered": 100.0, "percent_covered_display": "100", "missing_lines": 0, "excluded_lines": 0, "percent_statements_covered": 100.0, "percent_statements_covered_display": "100"}, "missing_lines": [], "excluded_lines": []}, "CodeAnalyzer": {"executed_lines": [], "summary": {"covered_lines": 0, "num_statements": 174, "percent_covered": 0.0, "percent_covered_display": "0", "missing_lines": 174, "excluded_lines": 0, "percent_statements_covered": 0.0, "percent_statements_covered_display": "0"}, "missing_lines": [70, 84, 85, 87, 89, 90, 91, 92, 93, 94, 95, 97, 98, 99, 100, 101, 105, 106, 107, 108, 109, 111, 112, 114, 115, 116, 117, 118, 120, 122, 123, 125, 133, 134, 135, 136, 137, 138, 141, 142, 143, 144, 145, 148, 150, 161, 162, 163, 164, 165, 167, 173, 174, 176, 177, 178, 179, 180, 181, 182, 183, 186, 187, 188, 189, 190, 191, 194, 195, 196, 197, 198, 199, 200, 201, 202, 205, 207, 225, 226, 229, 230, 231, 232, 235, 237, 238, 239, 240, 242, 244, 253, 254, 255, 256, 257, 259, 261, 273, 274, 275, 276, 277, 279, 281, 292, 299, 302, 303, 304, 305, 306, 309, 310, 312, 314, 325, 329, 331, 332, 335, 337, 338, 339, 342, 343, 344, 345, 347, 348, 351, 352, 353, 354, 355, 357, 363, 372, 373, 376, 377, 378, 379, 381, 390, 391, 392, 393, 394, 397, 398, 400, 402, 413, 420, 422, 423, 426, 428, 429, 430, 433, 434, 435, 436, 437, 441, 442, 443, 444, 446, 447, 449, 455], "excluded_lines": []}, "": {"executed_lines": [2, 13, 14, 15, 16, 17, 19, 20, 23, 24, 25, 26, 27, 28, 31, 32, 33, 34, 35, 36, 37, 38, 39, 40, 41, 43, 48, 49, 50, 51, 52, 53, 54, 55, 58, 59, 63, 72, 103, 130, 158, 218, 297, 327, 365, 418, 458], "summary": {"covered_lines": 42, "num_statements": 55, "percent_covered": 76.36363636363636, "percent_covered_display": "76", "missing_lines": 13, "excluded_lines": 0, "percent_statements_covered": 76.36363636363636, "percent_statements_covered_display": "76"}, "missing_lines": [460, 477, 478, 480, 481, 482, 484, 485, 486, 487, 488, 489, 491], "excluded_lines": []}}}, "cli/config_validator.py": {"executed_lines": [2, 13, 14, 15, 16, 18, 19, 22, 23, 28, 31, 34, 36, 38, 39, 40, 42, 44, 45, 46, 52, 60, 62, 72, 73, 75, 77, 79, 82, 83, 85, 88, 92, 94, 97, 101, 102, 106, 107, 109, 110, 112, 115, 118, 120, 127, 128, 129, 130, 134, 136, 140, 143, 146, 148, 152, 153, 160, 161, 162, 169, 172, 182, 188, 191, 192, 200, 202, 225, 241, 257, 273, 292, 294, 296, 298, 305, 308, 313, 318, 321, 334, 335, 336, 339], "summary": {"covered_lines": 83, "num_statements": 158, "percent_covered": 52.53164556962025, "percent_covered_display": "53", "missing_lines": 75, "excluded_lines": 0, "percent_statements_covered": 52.53164556962025, "percent_statements_covered_display": "53"}, "missing_lines": [47, 48, 49, 50, 86, 89, 95, 98, 103, 116, 121, 131, 132, 137, 141, 144, 149, 154, 163, 170, 174, 175, 178, 179, 180, 193, 194, 195, 196, 198, 209, 210, 211, 213, 216, 217, 218, 219, 220, 221, 223, 227, 239, 243, 255, 259, 271, 283, 285, 286, 288, 290, 295, 306, 340, 342, 343, 344, 346, 348, 349, 351, 352, 353, 355, 356, 357, 358, 359, 361, 362, 363, 365, 366, 367], "excluded_lines": [], "functions": {"ConfigValidator.__init__": {"executed_lines": [38, 39, 40], "summary": {"covered_lines": 3, "num_statements": 3, "percent_covered": 100.0, "percent_covered_display": "100", "missing_lines": 0, "excluded_lines": 0, "percent_statements_covered": 100.0, "percent_statements_covered_display": "100"}, "missing_lines": [], "excluded_lines": []}, "ConfigValidator._load_config": {"executed_lines": [44, 45, 46], "summary": {"covered_lines": 3, "num_statements": 7, "percent_covered": 42.857142857142854, "percent_covered_display": "43", "missing_lines": 4, "excluded_lines": 0, "percent_statements_covered": 42.857142857142854, "percent_statements_covered_display": "43"}, "missing_lines": [47, 48, 49, 50], "excluded_lines": []}, "ConfigValidator._detect_format": {"executed_lines": [60], "summary": {"covered_lines": 1, "num_statements": 1, "percent_covered": 100.0, "percent_covered_display": "100", "missing_lines": 0, "excluded_lines": 0, "percent_statements_covered": 100.0, "percent_statements_covered_display": "100"}, "missing_lines": [], "excluded_lines": []}, "ConfigValidator.validate": {"executed_lines": [72, 73, 75], "summary": {"covered_lines": 3, "num_statements": 3, "percent_covered": 100.0, "percent_covered_display": "100", "missing_lines": 0, "excluded_lines": 0, "percent_statements_covered": 100.0, "percent_statements_covered_display": "100"}, "missing_lines": [], "excluded_lines": []}, "ConfigValidator._validate_unified": {"executed_lines": [79, 82, 83, 85, 88, 92, 94, 97, 101, 102, 106, 107, 109, 110], "summary": {"covered_lines": 14, "num_statements": 19, "percent_covered": 73.6842105263158, "percent_covered_display": "74", "missing_lines": 5, "excluded_lines": 0, "percent_statements_covered": 73.6842105263158, "percent_statements_covered_display": "74"}, "missing_lines": [86, 89, 95, 98, 103], "excluded_lines": []}, "ConfigValidator._validate_source": {"executed_lines": [115, 118, 120, 127, 128, 129, 130], "summary": {"covered_lines": 7, "num_statements": 11, "percent_covered": 63.63636363636363, "percent_covered_display": "64", "missing_lines": 4, "excluded_lines": 0, "percent_statements_covered": 63.63636363636363, "percent_statements_covered_display": "64"}, "missing_lines": [116, 121, 131, 132], "excluded_lines": []}, "ConfigValidator._validate_documentation_source": {"executed_lines": [136, 140, 143], "summary": {"covered_lines": 3, "num_statements": 6, "percent_covered": 50.0, "percent_covered_display": "50", "missing_lines": 3, "excluded_lines": 0, "percent_statements_covered": 50.0, "percent_statements_covered_display": "50"}, "missing_lines": [137, 141, 144], "excluded_lines": []}, "ConfigValidator._validate_github_source": {"executed_lines": [148, 152, 153, 160, 161, 162, 169], "summary": {"covered_lines": 7, "num_statements": 11, "percent_covered": 63.63636363636363, "percent_covered_display": "64", "missing_lines": 4, "excluded_lines": 0, "percent_statements_covered": 63.63636363636363, "percent_statements_covered_display": "64"}, "missing_lines": [149, 154, 163, 170], "excluded_lines": []}, "ConfigValidator._validate_pdf_source": {"executed_lines": [], "summary": {"covered_lines": 0, "num_statements": 5, "percent_covered": 0.0, "percent_covered_display": "0", "missing_lines": 5, "excluded_lines": 0, "percent_statements_covered": 0.0, "percent_statements_covered_display": "0"}, "missing_lines": [174, 175, 178, 179, 180], "excluded_lines": []}, "ConfigValidator._validate_legacy": {"executed_lines": [188, 191, 192, 200], "summary": {"covered_lines": 4, "num_statements": 9, "percent_covered": 44.44444444444444, "percent_covered_display": "44", "missing_lines": 5, "excluded_lines": 0, "percent_statements_covered": 44.44444444444444, "percent_statements_covered_display": "44"}, "missing_lines": [193, 194, 195, 196, 198], "excluded_lines": []}, "ConfigValidator.convert_legacy_to_unified": {"executed_lines": [], "summary": {"covered_lines": 0, "num_statements": 11, "percent_covered": 0.0, "percent_covered_display": "0", "missing_lines": 11, "excluded_lines": 0, "percent_statements_covered": 0.0, "percent_statements_covered_display": "0"}, "missing_lines": [209, 210, 211, 213, 216, 217, 218, 219, 220, 221, 223], "excluded_lines": []}, "ConfigValidator._convert_legacy_documentation": {"executed_lines": [], "summary": {"covered_lines": 0, "num_statements": 2, "percent_covered": 0.0, "percent_covered_display": "0", "missing_lines": 2, "excluded_lines": 0, "percent_statements_covered": 0.0, "percent_statements_covered_display": "0"}, "missing_lines": [227, 239], "excluded_lines": []}, "ConfigValidator._convert_legacy_github": {"executed_lines": [], "summary": {"covered_lines": 0, "num_statements": 2, "percent_covered": 0.0, "percent_covered_display": "0", "missing_lines": 2, "excluded_lines": 0, "percent_statements_covered": 0.0, "percent_statements_covered_display": "0"}, "missing_lines": [243, 255], "excluded_lines": []}, "ConfigValidator._convert_legacy_pdf": {"executed_lines": [], "summary": {"covered_lines": 0, "num_statements": 2, "percent_covered": 0.0, "percent_covered_display": "0", "missing_lines": 2, "excluded_lines": 0, "percent_statements_covered": 0.0, "percent_statements_covered_display": "0"}, "missing_lines": [259, 271], "excluded_lines": []}, "ConfigValidator.get_sources_by_type": {"executed_lines": [], "summary": {"covered_lines": 0, "num_statements": 5, "percent_covered": 0.0, "percent_covered_display": "0", "missing_lines": 5, "excluded_lines": 0, "percent_statements_covered": 0.0, "percent_statements_covered_display": "0"}, "missing_lines": [283, 285, 286, 288, 290], "excluded_lines": []}, "ConfigValidator.has_multiple_sources": {"executed_lines": [294, 296], "summary": {"covered_lines": 2, "num_statements": 3, "percent_covered": 66.66666666666667, "percent_covered_display": "67", "missing_lines": 1, "excluded_lines": 0, "percent_statements_covered": 66.66666666666667, "percent_statements_covered_display": "67"}, "missing_lines": [295], "excluded_lines": []}, "ConfigValidator.needs_api_merge": {"executed_lines": [305, 308, 313, 318], "summary": {"covered_lines": 4, "num_statements": 5, "percent_covered": 80.0, "percent_covered_display": "80", "missing_lines": 1, "excluded_lines": 0, "percent_statements_covered": 80.0, "percent_statements_covered_display": "80"}, "missing_lines": [306], "excluded_lines": []}, "validate_config": {"executed_lines": [334, 335, 336], "summary": {"covered_lines": 3, "num_statements": 3, "percent_covered": 100.0, "percent_covered_display": "100", "missing_lines": 0, "excluded_lines": 0, "percent_statements_covered": 100.0, "percent_statements_covered_display": "100"}, "missing_lines": [], "excluded_lines": []}, "": {"executed_lines": [2, 13, 14, 15, 16, 18, 19, 22, 23, 28, 31, 34, 36, 42, 52, 62, 77, 112, 134, 146, 172, 182, 202, 225, 241, 257, 273, 292, 298, 321, 339], "summary": {"covered_lines": 29, "num_statements": 50, "percent_covered": 58.0, "percent_covered_display": "58", "missing_lines": 21, "excluded_lines": 0, "percent_statements_covered": 58.0, "percent_statements_covered_display": "58"}, "missing_lines": [340, 342, 343, 344, 346, 348, 349, 351, 352, 353, 355, 356, 357, 358, 359, 361, 362, 363, 365, 366, 367], "excluded_lines": []}}, "classes": {"ConfigValidator": {"executed_lines": [38, 39, 40, 44, 45, 46, 60, 72, 73, 75, 79, 82, 83, 85, 88, 92, 94, 97, 101, 102, 106, 107, 109, 110, 115, 118, 120, 127, 128, 129, 130, 136, 140, 143, 148, 152, 153, 160, 161, 162, 169, 188, 191, 192, 200, 294, 296, 305, 308, 313, 318], "summary": {"covered_lines": 51, "num_statements": 105, "percent_covered": 48.57142857142857, "percent_covered_display": "49", "missing_lines": 54, "excluded_lines": 0, "percent_statements_covered": 48.57142857142857, "percent_statements_covered_display": "49"}, "missing_lines": [47, 48, 49, 50, 86, 89, 95, 98, 103, 116, 121, 131, 132, 137, 141, 144, 149, 154, 163, 170, 174, 175, 178, 179, 180, 193, 194, 195, 196, 198, 209, 210, 211, 213, 216, 217, 218, 219, 220, 221, 223, 227, 239, 243, 255, 259, 271, 283, 285, 286, 288, 290, 295, 306], "excluded_lines": []}, "": {"executed_lines": [2, 13, 14, 15, 16, 18, 19, 22, 23, 28, 31, 34, 36, 42, 52, 62, 77, 112, 134, 146, 172, 182, 202, 225, 241, 257, 273, 292, 298, 321, 334, 335, 336, 339], "summary": {"covered_lines": 32, "num_statements": 53, "percent_covered": 60.37735849056604, "percent_covered_display": "60", "missing_lines": 21, "excluded_lines": 0, "percent_statements_covered": 60.37735849056604, "percent_statements_covered_display": "60"}, "missing_lines": [340, 342, 343, 344, 346, 348, 349, 351, 352, 353, 355, 356, 357, 358, 359, 361, 362, 363, 365, 366, 367], "excluded_lines": []}}}, "cli/conflict_detector.py": {"executed_lines": [], "summary": {"covered_lines": 0, "num_statements": 202, "percent_covered": 0.0, "percent_covered_display": "0", "missing_lines": 202, "excluded_lines": 0, "percent_statements_covered": 0.0, "percent_statements_covered_display": "0"}, "missing_lines": [14, 15, 16, 17, 18, 20, 21, 24, 25, 27, 28, 29, 30, 31, 32, 33, 36, 41, 49, 50, 53, 54, 56, 57, 59, 66, 69, 72, 73, 74, 78, 82, 83, 85, 87, 94, 102, 105, 116, 117, 118, 121, 123, 124, 125, 126, 128, 129, 130, 131, 133, 134, 135, 136, 137, 140, 141, 142, 145, 147, 155, 157, 159, 160, 162, 163, 164, 165, 166, 169, 172, 173, 174, 175, 178, 179, 180, 181, 183, 186, 187, 188, 189, 191, 193, 195, 202, 204, 205, 206, 208, 210, 211, 214, 215, 218, 228, 229, 230, 242, 243, 244, 255, 257, 264, 266, 269, 272, 275, 277, 279, 281, 283, 285, 287, 289, 290, 292, 301, 302, 304, 306, 308, 309, 310, 319, 320, 322, 324, 327, 329, 330, 331, 334, 336, 337, 347, 348, 350, 357, 358, 361, 362, 369, 370, 371, 374, 376, 377, 378, 385, 386, 388, 389, 396, 397, 399, 400, 406, 408, 418, 426, 427, 428, 431, 432, 433, 435, 437, 445, 450, 451, 453, 456, 457, 459, 460, 461, 463, 464, 467, 468, 470, 471, 474, 475, 478, 479, 480, 481, 482, 483, 484, 485, 486, 487, 488, 489, 490, 493, 494, 495], "excluded_lines": [], "functions": {"ConflictDetector.__init__": {"executed_lines": [], "summary": {"covered_lines": 0, "num_statements": 6, "percent_covered": 0.0, "percent_covered_display": "0", "missing_lines": 6, "excluded_lines": 0, "percent_statements_covered": 0.0, "percent_statements_covered_display": "0"}, "missing_lines": [49, 50, 53, 54, 56, 57], "excluded_lines": []}, "ConflictDetector._extract_docs_apis": {"executed_lines": [], "summary": {"covered_lines": 0, "num_statements": 9, "percent_covered": 0.0, "percent_covered_display": "0", "missing_lines": 9, "excluded_lines": 0, "percent_statements_covered": 0.0, "percent_statements_covered_display": "0"}, "missing_lines": [66, 69, 72, 73, 74, 78, 82, 83, 85], "excluded_lines": []}, "ConflictDetector._parse_doc_content_for_apis": {"executed_lines": [], "summary": {"covered_lines": 0, "num_statements": 26, "percent_covered": 0.0, "percent_covered_display": "0", "missing_lines": 26, "excluded_lines": 0, "percent_statements_covered": 0.0, "percent_statements_covered_display": "0"}, "missing_lines": [94, 102, 105, 116, 117, 118, 121, 123, 124, 125, 126, 128, 129, 130, 131, 133, 134, 135, 136, 137, 140, 141, 142, 145, 147, 155], "excluded_lines": []}, "ConflictDetector._parse_param_string": {"executed_lines": [], "summary": {"covered_lines": 0, "num_statements": 23, "percent_covered": 0.0, "percent_covered_display": "0", "missing_lines": 23, "excluded_lines": 0, "percent_statements_covered": 0.0, "percent_statements_covered_display": "0"}, "missing_lines": [159, 160, 162, 163, 164, 165, 166, 169, 172, 173, 174, 175, 178, 179, 180, 181, 183, 186, 187, 188, 189, 191, 193], "excluded_lines": []}, "ConflictDetector._extract_code_apis": {"executed_lines": [], "summary": {"covered_lines": 0, "num_statements": 17, "percent_covered": 0.0, "percent_covered_display": "0", "missing_lines": 17, "excluded_lines": 0, "percent_statements_covered": 0.0, "percent_statements_covered_display": "0"}, "missing_lines": [202, 204, 205, 206, 208, 210, 211, 214, 215, 218, 228, 229, 230, 242, 243, 244, 255], "excluded_lines": []}, "ConflictDetector.detect_all_conflicts": {"executed_lines": [], "summary": {"covered_lines": 0, "num_statements": 7, "percent_covered": 0.0, "percent_covered_display": "0", "missing_lines": 7, "excluded_lines": 0, "percent_statements_covered": 0.0, "percent_statements_covered_display": "0"}, "missing_lines": [264, 266, 269, 272, 275, 277, 279], "excluded_lines": []}, "ConflictDetector._find_missing_in_docs": {"executed_lines": [], "summary": {"covered_lines": 0, "num_statements": 8, "percent_covered": 0.0, "percent_covered_display": "0", "missing_lines": 8, "excluded_lines": 0, "percent_statements_covered": 0.0, "percent_statements_covered_display": "0"}, "missing_lines": [283, 285, 287, 289, 290, 292, 301, 302], "excluded_lines": []}, "ConflictDetector._find_missing_in_code": {"executed_lines": [], "summary": {"covered_lines": 0, "num_statements": 6, "percent_covered": 0.0, "percent_covered_display": "0", "missing_lines": 6, "excluded_lines": 0, "percent_statements_covered": 0.0, "percent_statements_covered_display": "0"}, "missing_lines": [306, 308, 309, 310, 319, 320], "excluded_lines": []}, "ConflictDetector._find_signature_mismatches": {"executed_lines": [], "summary": {"covered_lines": 0, "num_statements": 10, "percent_covered": 0.0, "percent_covered_display": "0", "missing_lines": 10, "excluded_lines": 0, "percent_statements_covered": 0.0, "percent_statements_covered_display": "0"}, "missing_lines": [324, 327, 329, 330, 331, 334, 336, 337, 347, 348], "excluded_lines": []}, "ConflictDetector._compare_signatures": {"executed_lines": [], "summary": {"covered_lines": 0, "num_statements": 20, "percent_covered": 0.0, "percent_covered_display": "0", "missing_lines": 20, "excluded_lines": 0, "percent_statements_covered": 0.0, "percent_statements_covered_display": "0"}, "missing_lines": [357, 358, 361, 362, 369, 370, 371, 374, 376, 377, 378, 385, 386, 388, 389, 396, 397, 399, 400, 406], "excluded_lines": []}, "ConflictDetector.generate_summary": {"executed_lines": [], "summary": {"covered_lines": 0, "num_statements": 8, "percent_covered": 0.0, "percent_covered_display": "0", "missing_lines": 8, "excluded_lines": 0, "percent_statements_covered": 0.0, "percent_statements_covered_display": "0"}, "missing_lines": [418, 426, 427, 428, 431, 432, 433, 435], "excluded_lines": []}, "ConflictDetector.save_conflicts": {"executed_lines": [], "summary": {"covered_lines": 0, "num_statements": 4, "percent_covered": 0.0, "percent_covered_display": "0", "missing_lines": 4, "excluded_lines": 0, "percent_statements_covered": 0.0, "percent_statements_covered_display": "0"}, "missing_lines": [445, 450, 451, 453], "excluded_lines": []}, "": {"executed_lines": [], "summary": {"covered_lines": 0, "num_statements": 58, "percent_covered": 0.0, "percent_covered_display": "0", "missing_lines": 58, "excluded_lines": 0, "percent_statements_covered": 0.0, "percent_statements_covered_display": "0"}, "missing_lines": [14, 15, 16, 17, 18, 20, 21, 24, 25, 27, 28, 29, 30, 31, 32, 33, 36, 41, 59, 87, 157, 195, 257, 281, 304, 322, 350, 408, 437, 456, 457, 459, 460, 461, 463, 464, 467, 468, 470, 471, 474, 475, 478, 479, 480, 481, 482, 483, 484, 485, 486, 487, 488, 489, 490, 493, 494, 495], "excluded_lines": []}}, "classes": {"Conflict": {"executed_lines": [], "summary": {"covered_lines": 0, "num_statements": 0, "percent_covered": 100.0, "percent_covered_display": "100", "missing_lines": 0, "excluded_lines": 0, "percent_statements_covered": 100.0, "percent_statements_covered_display": "100"}, "missing_lines": [], "excluded_lines": []}, "ConflictDetector": {"executed_lines": [], "summary": {"covered_lines": 0, "num_statements": 144, "percent_covered": 0.0, "percent_covered_display": "0", "missing_lines": 144, "excluded_lines": 0, "percent_statements_covered": 0.0, "percent_statements_covered_display": "0"}, "missing_lines": [49, 50, 53, 54, 56, 57, 66, 69, 72, 73, 74, 78, 82, 83, 85, 94, 102, 105, 116, 117, 118, 121, 123, 124, 125, 126, 128, 129, 130, 131, 133, 134, 135, 136, 137, 140, 141, 142, 145, 147, 155, 159, 160, 162, 163, 164, 165, 166, 169, 172, 173, 174, 175, 178, 179, 180, 181, 183, 186, 187, 188, 189, 191, 193, 202, 204, 205, 206, 208, 210, 211, 214, 215, 218, 228, 229, 230, 242, 243, 244, 255, 264, 266, 269, 272, 275, 277, 279, 283, 285, 287, 289, 290, 292, 301, 302, 306, 308, 309, 310, 319, 320, 324, 327, 329, 330, 331, 334, 336, 337, 347, 348, 357, 358, 361, 362, 369, 370, 371, 374, 376, 377, 378, 385, 386, 388, 389, 396, 397, 399, 400, 406, 418, 426, 427, 428, 431, 432, 433, 435, 445, 450, 451, 453], "excluded_lines": []}, "": {"executed_lines": [], "summary": {"covered_lines": 0, "num_statements": 58, "percent_covered": 0.0, "percent_covered_display": "0", "missing_lines": 58, "excluded_lines": 0, "percent_statements_covered": 0.0, "percent_statements_covered_display": "0"}, "missing_lines": [14, 15, 16, 17, 18, 20, 21, 24, 25, 27, 28, 29, 30, 31, 32, 33, 36, 41, 59, 87, 157, 195, 257, 281, 304, 322, 350, 408, 437, 456, 457, 459, 460, 461, 463, 464, 467, 468, 470, 471, 474, 475, 478, 479, 480, 481, 482, 483, 484, 485, 486, 487, 488, 489, 490, 493, 494, 495], "excluded_lines": []}}}, "cli/constants.py": {"executed_lines": [1, 10, 11, 12, 13, 16, 17, 20, 21, 22, 23, 28, 29, 32, 33, 38, 39, 44, 45, 49], "summary": {"covered_lines": 19, "num_statements": 19, "percent_covered": 100.0, "percent_covered_display": "100", "missing_lines": 0, "excluded_lines": 0, "percent_statements_covered": 100.0, "percent_statements_covered_display": "100"}, "missing_lines": [], "excluded_lines": [], "functions": {"": {"executed_lines": [1, 10, 11, 12, 13, 16, 17, 20, 21, 22, 23, 28, 29, 32, 33, 38, 39, 44, 45, 49], "summary": {"covered_lines": 19, "num_statements": 19, "percent_covered": 100.0, "percent_covered_display": "100", "missing_lines": 0, "excluded_lines": 0, "percent_statements_covered": 100.0, "percent_statements_covered_display": "100"}, "missing_lines": [], "excluded_lines": []}}, "classes": {"": {"executed_lines": [1, 10, 11, 12, 13, 16, 17, 20, 21, 22, 23, 28, 29, 32, 33, 38, 39, 44, 45, 49], "summary": {"covered_lines": 19, "num_statements": 19, "percent_covered": 100.0, "percent_covered_display": "100", "missing_lines": 0, "excluded_lines": 0, "percent_statements_covered": 100.0, "percent_statements_covered_display": "100"}, "missing_lines": [], "excluded_lines": []}}}, "cli/doc_scraper.py": {"executed_lines": [2, 12, 13, 14, 15, 16, 17, 18, 19, 20, 21, 22, 23, 24, 25, 26, 27, 30, 32, 33, 34, 35, 46, 49, 70, 71, 72, 73, 74, 75, 76, 79, 80, 81, 84, 85, 86, 89, 90, 91, 94, 95, 98, 100, 101, 102, 103, 106, 107, 108, 111, 112, 113, 114, 115, 118, 121, 130, 131, 134, 135, 136, 139, 140, 143, 145, 166, 191, 200, 202, 212, 215, 216, 217, 220, 221, 223, 224, 225, 228, 229, 230, 231, 238, 239, 240, 241, 243, 244, 250, 253, 254, 255, 256, 257, 259, 262, 263, 265, 266, 267, 269, 271, 274, 275, 276, 277, 278, 279, 282, 283, 284, 285, 286, 287, 290, 291, 292, 293, 294, 295, 296, 297, 298, 299, 301, 303, 305, 308, 309, 310, 312, 313, 314, 319, 321, 323, 324, 326, 328, 329, 330, 332, 333, 335, 336, 338, 394, 405, 406, 408, 409, 431, 432, 434, 442, 445, 446, 447, 450, 451, 453, 455, 456, 457, 459, 460, 461, 464, 465, 467, 468, 469, 470, 471, 474, 475, 477, 478, 479, 481, 482, 483, 484, 485, 486, 489, 490, 492, 493, 494, 495, 497, 498, 499, 502, 503, 505, 509, 512, 513, 514, 515, 517, 518, 519, 521, 522, 523, 528, 530, 535, 537, 538, 539, 540, 541, 544, 545, 547, 548, 550, 554, 557, 558, 559, 561, 562, 564, 566, 572, 573, 574, 577, 578, 579, 580, 581, 582, 585, 586, 587, 590, 591, 593, 594, 601, 604, 608, 611, 614, 615, 616, 618, 621, 623, 625, 626, 627, 628, 629, 631, 632, 634, 649, 718, 719, 720, 722, 727, 737, 738, 739, 740, 741, 742, 745, 746, 747, 750, 751, 753, 754, 760, 763, 768, 769, 772, 775, 779, 781, 783, 784, 786, 787, 789, 791, 792, 793, 796, 797, 798, 799, 807, 822, 825, 826, 827, 829, 834, 836, 845, 846, 848, 850, 851, 853, 856, 857, 858, 859, 864, 866, 868, 871, 872, 874, 875, 877, 878, 879, 880, 882, 885, 886, 887, 888, 889, 890, 891, 892, 893, 894, 896, 897, 898, 899, 901, 902, 905, 907, 909, 911, 913, 914, 915, 917, 918, 921, 923, 924, 925, 926, 929, 932, 933, 935, 937, 939, 942, 943, 944, 947, 948, 956, 958, 960, 963, 964, 965, 966, 968, 969, 970, 973, 974, 975, 976, 977, 978, 979, 982, 983, 984, 987, 988, 989, 990, 991, 992, 993, 994, 995, 997, 999, 1000, 1001, 1003, 1005, 1007, 1010, 1011, 1012, 1013, 1014, 1015, 1016, 1017, 1018, 1020, 1022, 1025, 1050, 1057, 1060, 1061, 1062, 1063, 1065, 1071, 1072, 1074, 1117, 1118, 1119, 1121, 1123, 1125, 1126, 1127, 1129, 1130, 1131, 1132, 1134, 1135, 1136, 1138, 1140, 1149, 1150, 1151, 1154, 1155, 1157, 1161, 1164, 1165, 1166, 1169, 1170, 1171, 1174, 1175, 1176, 1179, 1180, 1183, 1184, 1186, 1187, 1190, 1204, 1205, 1208, 1209, 1210, 1211, 1214, 1215, 1216, 1219, 1220, 1221, 1224, 1225, 1226, 1228, 1229, 1230, 1231, 1233, 1236, 1237, 1238, 1240, 1241, 1242, 1243, 1246, 1247, 1248, 1250, 1251, 1252, 1255, 1256, 1257, 1258, 1259, 1260, 1261, 1262, 1263, 1266, 1267, 1270, 1273, 1274, 1276, 1278, 1279, 1280, 1281, 1282, 1283, 1286, 1287, 1288, 1290, 1291, 1292, 1294, 1297, 1314, 1315, 1316, 1317, 1318, 1319, 1320, 1321, 1322, 1323, 1324, 1325, 1326, 1329, 1332, 1333, 1334, 1335, 1336, 1339, 1340, 1341, 1342, 1343, 1344, 1346, 1349, 1405, 1427, 1491, 1569, 1656, 1724, 1771], "summary": {"covered_lines": 567, "num_statements": 952, "percent_covered": 59.55882352941177, "percent_covered_display": "60", "missing_lines": 385, "excluded_lines": 0, "percent_statements_covered": 59.55882352941177, "percent_statements_covered_display": "60"}, "missing_lines": [56, 57, 58, 59, 61, 63, 119, 141, 147, 148, 150, 159, 160, 161, 162, 163, 164, 168, 169, 170, 172, 173, 174, 176, 177, 178, 180, 181, 182, 183, 184, 185, 187, 188, 189, 193, 194, 195, 196, 197, 198, 350, 352, 353, 354, 356, 357, 360, 361, 362, 363, 364, 367, 368, 369, 372, 373, 374, 377, 378, 379, 382, 383, 384, 386, 387, 388, 389, 391, 392, 410, 413, 414, 417, 418, 419, 422, 423, 424, 427, 428, 429, 506, 507, 531, 532, 551, 552, 589, 596, 597, 598, 599, 605, 606, 619, 635, 636, 637, 638, 639, 641, 643, 644, 646, 647, 650, 654, 656, 658, 659, 661, 663, 664, 666, 667, 668, 669, 670, 672, 673, 674, 677, 678, 679, 680, 683, 684, 686, 687, 688, 689, 690, 692, 694, 695, 697, 698, 700, 701, 704, 707, 709, 710, 711, 712, 713, 715, 716, 721, 724, 725, 749, 756, 757, 758, 764, 765, 766, 788, 801, 804, 808, 809, 810, 813, 814, 817, 818, 819, 823, 828, 831, 832, 854, 860, 861, 862, 930, 949, 950, 951, 952, 953, 954, 961, 1019, 1021, 1023, 1051, 1052, 1053, 1054, 1055, 1158, 1159, 1271, 1277, 1364, 1365, 1366, 1368, 1371, 1372, 1373, 1375, 1376, 1379, 1380, 1381, 1382, 1383, 1384, 1387, 1388, 1389, 1390, 1396, 1397, 1399, 1400, 1402, 1419, 1420, 1421, 1422, 1423, 1424, 1442, 1447, 1449, 1451, 1453, 1455, 1457, 1459, 1461, 1463, 1465, 1467, 1469, 1471, 1473, 1475, 1477, 1479, 1481, 1483, 1485, 1488, 1514, 1515, 1516, 1517, 1519, 1534, 1535, 1536, 1537, 1538, 1539, 1540, 1542, 1545, 1547, 1548, 1549, 1550, 1551, 1552, 1553, 1554, 1555, 1556, 1559, 1560, 1561, 1562, 1564, 1566, 1591, 1592, 1593, 1594, 1595, 1597, 1598, 1600, 1601, 1602, 1603, 1604, 1605, 1606, 1609, 1611, 1612, 1613, 1614, 1615, 1618, 1621, 1622, 1625, 1626, 1627, 1629, 1630, 1631, 1633, 1634, 1635, 1636, 1637, 1638, 1639, 1640, 1641, 1642, 1643, 1645, 1648, 1650, 1651, 1653, 1674, 1677, 1678, 1679, 1680, 1682, 1683, 1684, 1685, 1687, 1688, 1689, 1690, 1691, 1692, 1693, 1694, 1697, 1698, 1699, 1700, 1702, 1703, 1704, 1705, 1706, 1707, 1708, 1709, 1712, 1713, 1716, 1717, 1718, 1719, 1720, 1721, 1725, 1726, 1729, 1731, 1734, 1735, 1736, 1737, 1738, 1739, 1741, 1743, 1744, 1747, 1751, 1756, 1757, 1758, 1761, 1764, 1765, 1768, 1772], "excluded_lines": [], "functions": {"setup_logging": {"executed_lines": [], "summary": {"covered_lines": 0, "num_statements": 6, "percent_covered": 0.0, "percent_covered_display": "0", "missing_lines": 6, "excluded_lines": 0, "percent_statements_covered": 0.0, "percent_statements_covered_display": "0"}, "missing_lines": [56, 57, 58, 59, 61, 63], "excluded_lines": []}, "DocToSkillConverter.__init__": {"executed_lines": [72, 73, 74, 75, 76, 79, 80, 81, 84, 85, 86, 89, 90, 91, 94, 95, 98, 100, 101, 102, 103, 106, 107, 108, 111, 112, 113, 114, 115, 118], "summary": {"covered_lines": 30, "num_statements": 31, "percent_covered": 96.7741935483871, "percent_covered_display": "97", "missing_lines": 1, "excluded_lines": 0, "percent_statements_covered": 96.7741935483871, "percent_statements_covered_display": "97"}, "missing_lines": [119], "excluded_lines": []}, "DocToSkillConverter.is_valid_url": {"executed_lines": [130, 131, 134, 135, 136, 139, 140, 143], "summary": {"covered_lines": 8, "num_statements": 9, "percent_covered": 88.88888888888889, "percent_covered_display": "89", "missing_lines": 1, "excluded_lines": 0, "percent_statements_covered": 88.88888888888889, "percent_statements_covered_display": "89"}, "missing_lines": [141], "excluded_lines": []}, "DocToSkillConverter.save_checkpoint": {"executed_lines": [], "summary": {"covered_lines": 0, "num_statements": 9, "percent_covered": 0.0, "percent_covered_display": "0", "missing_lines": 9, "excluded_lines": 0, "percent_statements_covered": 0.0, "percent_statements_covered_display": "0"}, "missing_lines": [147, 148, 150, 159, 160, 161, 162, 163, 164], "excluded_lines": []}, "DocToSkillConverter.load_checkpoint": {"executed_lines": [], "summary": {"covered_lines": 0, "num_statements": 18, "percent_covered": 0.0, "percent_covered_display": "0", "missing_lines": 18, "excluded_lines": 0, "percent_statements_covered": 0.0, "percent_statements_covered_display": "0"}, "missing_lines": [168, 169, 170, 172, 173, 174, 176, 177, 178, 180, 181, 182, 183, 184, 185, 187, 188, 189], "excluded_lines": []}, "DocToSkillConverter.clear_checkpoint": {"executed_lines": [], "summary": {"covered_lines": 0, "num_statements": 6, "percent_covered": 0.0, "percent_covered_display": "0", "missing_lines": 6, "excluded_lines": 0, "percent_statements_covered": 0.0, "percent_statements_covered_display": "0"}, "missing_lines": [193, 194, 195, 196, 197, 198], "excluded_lines": []}, "DocToSkillConverter.extract_content": {"executed_lines": [202, 212, 215, 216, 217, 220, 221, 223, 224, 225, 228, 229, 230, 231, 238, 239, 240, 241, 243, 244, 250, 253, 254, 255, 256, 257, 259, 262, 263, 265, 266, 267, 269], "summary": {"covered_lines": 33, "num_statements": 33, "percent_covered": 100.0, "percent_covered_display": "100", "missing_lines": 0, "excluded_lines": 0, "percent_statements_covered": 100.0, "percent_statements_covered_display": "100"}, "missing_lines": [], "excluded_lines": []}, "DocToSkillConverter.detect_language": {"executed_lines": [274, 275, 276, 277, 278, 279, 282, 283, 284, 285, 286, 287, 290, 291, 292, 293, 294, 295, 296, 297, 298, 299, 301], "summary": {"covered_lines": 23, "num_statements": 23, "percent_covered": 100.0, "percent_covered_display": "100", "missing_lines": 0, "excluded_lines": 0, "percent_statements_covered": 100.0, "percent_statements_covered_display": "100"}, "missing_lines": [], "excluded_lines": []}, "DocToSkillConverter.extract_patterns": {"executed_lines": [305, 308, 309, 310, 312, 313, 314, 319], "summary": {"covered_lines": 8, "num_statements": 8, "percent_covered": 100.0, "percent_covered_display": "100", "missing_lines": 0, "excluded_lines": 0, "percent_statements_covered": 100.0, "percent_statements_covered_display": "100"}, "missing_lines": [], "excluded_lines": []}, "DocToSkillConverter.clean_text": {"executed_lines": [323, 324], "summary": {"covered_lines": 2, "num_statements": 2, "percent_covered": 100.0, "percent_covered_display": "100", "missing_lines": 0, "excluded_lines": 0, "percent_statements_covered": 100.0, "percent_statements_covered_display": "100"}, "missing_lines": [], "excluded_lines": []}, "DocToSkillConverter.save_page": {"executed_lines": [328, 329, 330, 332, 333, 335, 336], "summary": {"covered_lines": 7, "num_statements": 7, "percent_covered": 100.0, "percent_covered_display": "100", "missing_lines": 0, "excluded_lines": 0, "percent_statements_covered": 100.0, "percent_statements_covered_display": "100"}, "missing_lines": [], "excluded_lines": []}, "DocToSkillConverter.scrape_page": {"executed_lines": [], "summary": {"covered_lines": 0, "num_statements": 29, "percent_covered": 0.0, "percent_covered_display": "0", "missing_lines": 29, "excluded_lines": 0, "percent_statements_covered": 0.0, "percent_statements_covered_display": "0"}, "missing_lines": [350, 352, 353, 354, 356, 357, 360, 361, 362, 363, 364, 367, 368, 369, 372, 373, 374, 377, 378, 379, 382, 383, 384, 386, 387, 388, 389, 391, 392], "excluded_lines": []}, "DocToSkillConverter.scrape_page_async": {"executed_lines": [405, 406, 408, 409, 431, 432], "summary": {"covered_lines": 6, "num_statements": 18, "percent_covered": 33.333333333333336, "percent_covered_display": "33", "missing_lines": 12, "excluded_lines": 0, "percent_statements_covered": 33.333333333333336, "percent_statements_covered_display": "33"}, "missing_lines": [410, 413, 414, 417, 418, 419, 422, 423, 424, 427, 428, 429], "excluded_lines": []}, "DocToSkillConverter._try_llms_txt": {"executed_lines": [442, 445, 446, 447, 450, 451, 453, 455, 456, 457, 459, 460, 461, 464, 465, 467, 468, 469, 470, 471, 474, 475, 477, 478, 479, 481, 482, 483, 484, 485, 486, 489, 490, 492, 493, 494, 495, 497, 498, 499, 502, 503, 505, 509, 512, 513, 514, 515, 517, 518, 519, 521, 522, 523, 528, 530, 535, 537, 538, 539, 540, 541, 544, 545, 547, 548, 550, 554, 557, 558, 559, 561, 562, 564], "summary": {"covered_lines": 74, "num_statements": 80, "percent_covered": 92.5, "percent_covered_display": "92", "missing_lines": 6, "excluded_lines": 0, "percent_statements_covered": 92.5, "percent_statements_covered_display": "92"}, "missing_lines": [506, 507, 531, 532, 551, 552], "excluded_lines": []}, "DocToSkillConverter.scrape_all": {"executed_lines": [572, 573, 574, 577, 578, 579, 580, 581, 582, 585, 586, 587, 590, 591, 593, 594, 601, 604, 608, 611, 614, 615, 616, 618, 621, 623, 625, 626, 627, 628, 629, 631, 632, 634, 649, 718, 719, 720, 722], "summary": {"covered_lines": 39, "num_statements": 103, "percent_covered": 37.86407766990291, "percent_covered_display": "38", "missing_lines": 64, "excluded_lines": 0, "percent_statements_covered": 37.86407766990291, "percent_statements_covered_display": "38"}, "missing_lines": [589, 596, 597, 598, 599, 605, 606, 619, 635, 636, 637, 638, 639, 641, 643, 644, 646, 647, 650, 654, 656, 658, 659, 661, 663, 664, 666, 667, 668, 669, 670, 672, 673, 674, 677, 678, 679, 680, 683, 684, 686, 687, 688, 689, 690, 692, 694, 695, 697, 698, 700, 701, 704, 707, 709, 710, 711, 712, 713, 715, 716, 721, 724, 725], "excluded_lines": []}, "DocToSkillConverter.scrape_all_async": {"executed_lines": [737, 738, 739, 740, 741, 742, 745, 746, 747, 750, 751, 753, 754, 760, 763, 768, 769, 772, 775, 779, 781, 783, 784, 786, 787, 789, 791, 792, 793, 796, 797, 798, 799, 807, 822, 825, 826, 827, 829], "summary": {"covered_lines": 39, "num_statements": 61, "percent_covered": 63.9344262295082, "percent_covered_display": "64", "missing_lines": 22, "excluded_lines": 0, "percent_statements_covered": 63.9344262295082, "percent_statements_covered_display": "64"}, "missing_lines": [749, 756, 757, 758, 764, 765, 766, 788, 801, 804, 808, 809, 810, 813, 814, 817, 818, 819, 823, 828, 831, 832], "excluded_lines": []}, "DocToSkillConverter.save_summary": {"executed_lines": [836, 845, 846], "summary": {"covered_lines": 3, "num_statements": 3, "percent_covered": 100.0, "percent_covered_display": "100", "missing_lines": 0, "excluded_lines": 0, "percent_statements_covered": 100.0, "percent_statements_covered_display": "100"}, "missing_lines": [], "excluded_lines": []}, "DocToSkillConverter.load_scraped_data": {"executed_lines": [850, 851, 853, 856, 857, 858, 859, 864], "summary": {"covered_lines": 8, "num_statements": 12, "percent_covered": 66.66666666666667, "percent_covered_display": "67", "missing_lines": 4, "excluded_lines": 0, "percent_statements_covered": 66.66666666666667, "percent_statements_covered_display": "67"}, "missing_lines": [854, 860, 861, 862], "excluded_lines": []}, "DocToSkillConverter.smart_categorize": {"executed_lines": [868, 871, 872, 874, 875, 877, 878, 879, 880, 882, 885, 886, 887, 888, 889, 890, 891, 892, 893, 894, 896, 897, 898, 899, 901, 902, 905, 907], "summary": {"covered_lines": 28, "num_statements": 28, "percent_covered": 100.0, "percent_covered_display": "100", "missing_lines": 0, "excluded_lines": 0, "percent_statements_covered": 100.0, "percent_statements_covered_display": "100"}, "missing_lines": [], "excluded_lines": []}, "DocToSkillConverter.infer_categories": {"executed_lines": [911, 913, 914, 915, 917, 918, 921, 923, 924, 925, 926, 929, 932, 933, 935], "summary": {"covered_lines": 15, "num_statements": 16, "percent_covered": 93.75, "percent_covered_display": "94", "missing_lines": 1, "excluded_lines": 0, "percent_statements_covered": 93.75, "percent_statements_covered_display": "94"}, "missing_lines": [930], "excluded_lines": []}, "DocToSkillConverter.generate_quick_reference": {"executed_lines": [939, 942, 943, 944, 947, 948, 956], "summary": {"covered_lines": 7, "num_statements": 13, "percent_covered": 53.84615384615385, "percent_covered_display": "54", "missing_lines": 6, "excluded_lines": 0, "percent_statements_covered": 53.84615384615385, "percent_statements_covered_display": "54"}, "missing_lines": [949, 950, 951, 952, 953, 954], "excluded_lines": []}, "DocToSkillConverter.create_reference_file": {"executed_lines": [960, 963, 964, 965, 966, 968, 969, 970, 973, 974, 975, 976, 977, 978, 979, 982, 983, 984, 987, 988, 989, 990, 991, 992, 993, 994, 995, 997, 999, 1000, 1001, 1003], "summary": {"covered_lines": 32, "num_statements": 33, "percent_covered": 96.96969696969697, "percent_covered_display": "97", "missing_lines": 1, "excluded_lines": 0, "percent_statements_covered": 96.96969696969697, "percent_statements_covered_display": "97"}, "missing_lines": [961], "excluded_lines": []}, "DocToSkillConverter.create_enhanced_skill_md": {"executed_lines": [1007, 1010, 1011, 1012, 1013, 1014, 1015, 1016, 1017, 1018, 1020, 1022, 1025, 1050, 1057, 1060, 1061, 1062, 1063, 1065, 1071, 1072, 1074, 1117, 1118, 1119, 1121], "summary": {"covered_lines": 27, "num_statements": 35, "percent_covered": 77.14285714285714, "percent_covered_display": "77", "missing_lines": 8, "excluded_lines": 0, "percent_statements_covered": 77.14285714285714, "percent_statements_covered_display": "77"}, "missing_lines": [1019, 1021, 1023, 1051, 1052, 1053, 1054, 1055], "excluded_lines": []}, "DocToSkillConverter.create_index": {"executed_lines": [1125, 1126, 1127, 1129, 1130, 1131, 1132, 1134, 1135, 1136, 1138], "summary": {"covered_lines": 11, "num_statements": 11, "percent_covered": 100.0, "percent_covered_display": "100", "missing_lines": 0, "excluded_lines": 0, "percent_statements_covered": 100.0, "percent_statements_covered_display": "100"}, "missing_lines": [], "excluded_lines": []}, "DocToSkillConverter.build_skill": {"executed_lines": [1149, 1150, 1151, 1154, 1155, 1157, 1161, 1164, 1165, 1166, 1169, 1170, 1171, 1174, 1175, 1176, 1179, 1180, 1183, 1184, 1186, 1187], "summary": {"covered_lines": 22, "num_statements": 24, "percent_covered": 91.66666666666667, "percent_covered_display": "92", "missing_lines": 2, "excluded_lines": 0, "percent_statements_covered": 91.66666666666667, "percent_statements_covered_display": "92"}, "missing_lines": [1158, 1159], "excluded_lines": []}, "validate_config": {"executed_lines": [1204, 1205, 1208, 1209, 1210, 1211, 1214, 1215, 1216, 1219, 1220, 1221, 1224, 1225, 1226, 1228, 1229, 1230, 1231, 1233, 1236, 1237, 1238, 1240, 1241, 1242, 1243, 1246, 1247, 1248, 1250, 1251, 1252, 1255, 1256, 1257, 1258, 1259, 1260, 1261, 1262, 1263, 1266, 1267, 1270, 1273, 1274, 1276, 1278, 1279, 1280, 1281, 1282, 1283, 1286, 1287, 1288, 1290, 1291, 1292, 1294], "summary": {"covered_lines": 61, "num_statements": 63, "percent_covered": 96.82539682539682, "percent_covered_display": "97", "missing_lines": 2, "excluded_lines": 0, "percent_statements_covered": 96.82539682539682, "percent_statements_covered_display": "97"}, "missing_lines": [1271, 1277], "excluded_lines": []}, "load_config": {"executed_lines": [1314, 1315, 1316, 1317, 1318, 1319, 1320, 1321, 1322, 1323, 1324, 1325, 1326, 1329, 1332, 1333, 1334, 1335, 1336, 1339, 1340, 1341, 1342, 1343, 1344, 1346], "summary": {"covered_lines": 26, "num_statements": 26, "percent_covered": 100.0, "percent_covered_display": "100", "missing_lines": 0, "excluded_lines": 0, "percent_statements_covered": 100.0, "percent_statements_covered_display": "100"}, "missing_lines": [], "excluded_lines": []}, "interactive_config": {"executed_lines": [], "summary": {"covered_lines": 0, "num_statements": 24, "percent_covered": 0.0, "percent_covered_display": "0", "missing_lines": 24, "excluded_lines": 0, "percent_statements_covered": 0.0, "percent_statements_covered_display": "0"}, "missing_lines": [1364, 1365, 1366, 1368, 1371, 1372, 1373, 1375, 1376, 1379, 1380, 1381, 1382, 1383, 1384, 1387, 1388, 1389, 1390, 1396, 1397, 1399, 1400, 1402], "excluded_lines": []}, "check_existing_data": {"executed_lines": [], "summary": {"covered_lines": 0, "num_statements": 6, "percent_covered": 0.0, "percent_covered_display": "0", "missing_lines": 6, "excluded_lines": 0, "percent_statements_covered": 0.0, "percent_statements_covered_display": "0"}, "missing_lines": [1419, 1420, 1421, 1422, 1423, 1424], "excluded_lines": []}, "setup_argument_parser": {"executed_lines": [], "summary": {"covered_lines": 0, "num_statements": 22, "percent_covered": 0.0, "percent_covered_display": "0", "missing_lines": 22, "excluded_lines": 0, "percent_statements_covered": 0.0, "percent_statements_covered_display": "0"}, "missing_lines": [1442, 1447, 1449, 1451, 1453, 1455, 1457, 1459, 1461, 1463, 1465, 1467, 1469, 1471, 1473, 1475, 1477, 1479, 1481, 1483, 1485, 1488], "excluded_lines": []}, "get_configuration": {"executed_lines": [], "summary": {"covered_lines": 0, "num_statements": 30, "percent_covered": 0.0, "percent_covered_display": "0", "missing_lines": 30, "excluded_lines": 0, "percent_statements_covered": 0.0, "percent_statements_covered_display": "0"}, "missing_lines": [1514, 1515, 1516, 1517, 1519, 1534, 1535, 1536, 1537, 1538, 1539, 1540, 1542, 1545, 1547, 1548, 1549, 1550, 1551, 1552, 1553, 1554, 1555, 1556, 1559, 1560, 1561, 1562, 1564, 1566], "excluded_lines": []}, "execute_scraping_and_building": {"executed_lines": [], "summary": {"covered_lines": 0, "num_statements": 45, "percent_covered": 0.0, "percent_covered_display": "0", "missing_lines": 45, "excluded_lines": 0, "percent_statements_covered": 0.0, "percent_statements_covered_display": "0"}, "missing_lines": [1591, 1592, 1593, 1594, 1595, 1597, 1598, 1600, 1601, 1602, 1603, 1604, 1605, 1606, 1609, 1611, 1612, 1613, 1614, 1615, 1618, 1621, 1622, 1625, 1626, 1627, 1629, 1630, 1631, 1633, 1634, 1635, 1636, 1637, 1638, 1639, 1640, 1641, 1642, 1643, 1645, 1648, 1650, 1651, 1653], "excluded_lines": []}, "execute_enhancement": {"executed_lines": [], "summary": {"covered_lines": 0, "num_statements": 37, "percent_covered": 0.0, "percent_covered_display": "0", "missing_lines": 37, "excluded_lines": 0, "percent_statements_covered": 0.0, "percent_statements_covered_display": "0"}, "missing_lines": [1674, 1677, 1678, 1679, 1680, 1682, 1683, 1684, 1685, 1687, 1688, 1689, 1690, 1691, 1692, 1693, 1694, 1697, 1698, 1699, 1700, 1702, 1703, 1704, 1705, 1706, 1707, 1708, 1709, 1712, 1713, 1716, 1717, 1718, 1719, 1720, 1721], "excluded_lines": []}, "main": {"executed_lines": [], "summary": {"covered_lines": 0, "num_statements": 22, "percent_covered": 0.0, "percent_covered_display": "0", "missing_lines": 22, "excluded_lines": 0, "percent_statements_covered": 0.0, "percent_statements_covered_display": "0"}, "missing_lines": [1725, 1726, 1729, 1731, 1734, 1735, 1736, 1737, 1738, 1739, 1741, 1743, 1744, 1747, 1751, 1756, 1757, 1758, 1761, 1764, 1765, 1768], "excluded_lines": []}, "": {"executed_lines": [2, 12, 13, 14, 15, 16, 17, 18, 19, 20, 21, 22, 23, 24, 25, 26, 27, 30, 32, 33, 34, 35, 46, 49, 70, 71, 121, 145, 166, 191, 200, 271, 303, 321, 326, 338, 394, 434, 566, 727, 834, 848, 866, 909, 937, 958, 1005, 1123, 1140, 1190, 1297, 1349, 1405, 1427, 1491, 1569, 1656, 1724, 1771], "summary": {"covered_lines": 58, "num_statements": 59, "percent_covered": 98.30508474576271, "percent_covered_display": "98", "missing_lines": 1, "excluded_lines": 0, "percent_statements_covered": 98.30508474576271, "percent_statements_covered_display": "98"}, "missing_lines": [1772], "excluded_lines": []}}, "classes": {"DocToSkillConverter": {"executed_lines": [72, 73, 74, 75, 76, 79, 80, 81, 84, 85, 86, 89, 90, 91, 94, 95, 98, 100, 101, 102, 103, 106, 107, 108, 111, 112, 113, 114, 115, 118, 130, 131, 134, 135, 136, 139, 140, 143, 202, 212, 215, 216, 217, 220, 221, 223, 224, 225, 228, 229, 230, 231, 238, 239, 240, 241, 243, 244, 250, 253, 254, 255, 256, 257, 259, 262, 263, 265, 266, 267, 269, 274, 275, 276, 277, 278, 279, 282, 283, 284, 285, 286, 287, 290, 291, 292, 293, 294, 295, 296, 297, 298, 299, 301, 305, 308, 309, 310, 312, 313, 314, 319, 323, 324, 328, 329, 330, 332, 333, 335, 336, 405, 406, 408, 409, 431, 432, 442, 445, 446, 447, 450, 451, 453, 455, 456, 457, 459, 460, 461, 464, 465, 467, 468, 469, 470, 471, 474, 475, 477, 478, 479, 481, 482, 483, 484, 485, 486, 489, 490, 492, 493, 494, 495, 497, 498, 499, 502, 503, 505, 509, 512, 513, 514, 515, 517, 518, 519, 521, 522, 523, 528, 530, 535, 537, 538, 539, 540, 541, 544, 545, 547, 548, 550, 554, 557, 558, 559, 561, 562, 564, 572, 573, 574, 577, 578, 579, 580, 581, 582, 585, 586, 587, 590, 591, 593, 594, 601, 604, 608, 611, 614, 615, 616, 618, 621, 623, 625, 626, 627, 628, 629, 631, 632, 634, 649, 718, 719, 720, 722, 737, 738, 739, 740, 741, 742, 745, 746, 747, 750, 751, 753, 754, 760, 763, 768, 769, 772, 775, 779, 781, 783, 784, 786, 787, 789, 791, 792, 793, 796, 797, 798, 799, 807, 822, 825, 826, 827, 829, 836, 845, 846, 850, 851, 853, 856, 857, 858, 859, 864, 868, 871, 872, 874, 875, 877, 878, 879, 880, 882, 885, 886, 887, 888, 889, 890, 891, 892, 893, 894, 896, 897, 898, 899, 901, 902, 905, 907, 911, 913, 914, 915, 917, 918, 921, 923, 924, 925, 926, 929, 932, 933, 935, 939, 942, 943, 944, 947, 948, 956, 960, 963, 964, 965, 966, 968, 969, 970, 973, 974, 975, 976, 977, 978, 979, 982, 983, 984, 987, 988, 989, 990, 991, 992, 993, 994, 995, 997, 999, 1000, 1001, 1003, 1007, 1010, 1011, 1012, 1013, 1014, 1015, 1016, 1017, 1018, 1020, 1022, 1025, 1050, 1057, 1060, 1061, 1062, 1063, 1065, 1071, 1072, 1074, 1117, 1118, 1119, 1121, 1125, 1126, 1127, 1129, 1130, 1131, 1132, 1134, 1135, 1136, 1138, 1149, 1150, 1151, 1154, 1155, 1157, 1161, 1164, 1165, 1166, 1169, 1170, 1171, 1174, 1175, 1176, 1179, 1180, 1183, 1184, 1186, 1187], "summary": {"covered_lines": 422, "num_statements": 612, "percent_covered": 68.95424836601308, "percent_covered_display": "69", "missing_lines": 190, "excluded_lines": 0, "percent_statements_covered": 68.95424836601308, "percent_statements_covered_display": "69"}, "missing_lines": [119, 141, 147, 148, 150, 159, 160, 161, 162, 163, 164, 168, 169, 170, 172, 173, 174, 176, 177, 178, 180, 181, 182, 183, 184, 185, 187, 188, 189, 193, 194, 195, 196, 197, 198, 350, 352, 353, 354, 356, 357, 360, 361, 362, 363, 364, 367, 368, 369, 372, 373, 374, 377, 378, 379, 382, 383, 384, 386, 387, 388, 389, 391, 392, 410, 413, 414, 417, 418, 419, 422, 423, 424, 427, 428, 429, 506, 507, 531, 532, 551, 552, 589, 596, 597, 598, 599, 605, 606, 619, 635, 636, 637, 638, 639, 641, 643, 644, 646, 647, 650, 654, 656, 658, 659, 661, 663, 664, 666, 667, 668, 669, 670, 672, 673, 674, 677, 678, 679, 680, 683, 684, 686, 687, 688, 689, 690, 692, 694, 695, 697, 698, 700, 701, 704, 707, 709, 710, 711, 712, 713, 715, 716, 721, 724, 725, 749, 756, 757, 758, 764, 765, 766, 788, 801, 804, 808, 809, 810, 813, 814, 817, 818, 819, 823, 828, 831, 832, 854, 860, 861, 862, 930, 949, 950, 951, 952, 953, 954, 961, 1019, 1021, 1023, 1051, 1052, 1053, 1054, 1055, 1158, 1159], "excluded_lines": []}, "": {"executed_lines": [2, 12, 13, 14, 15, 16, 17, 18, 19, 20, 21, 22, 23, 24, 25, 26, 27, 30, 32, 33, 34, 35, 46, 49, 70, 71, 121, 145, 166, 191, 200, 271, 303, 321, 326, 338, 394, 434, 566, 727, 834, 848, 866, 909, 937, 958, 1005, 1123, 1140, 1190, 1204, 1205, 1208, 1209, 1210, 1211, 1214, 1215, 1216, 1219, 1220, 1221, 1224, 1225, 1226, 1228, 1229, 1230, 1231, 1233, 1236, 1237, 1238, 1240, 1241, 1242, 1243, 1246, 1247, 1248, 1250, 1251, 1252, 1255, 1256, 1257, 1258, 1259, 1260, 1261, 1262, 1263, 1266, 1267, 1270, 1273, 1274, 1276, 1278, 1279, 1280, 1281, 1282, 1283, 1286, 1287, 1288, 1290, 1291, 1292, 1294, 1297, 1314, 1315, 1316, 1317, 1318, 1319, 1320, 1321, 1322, 1323, 1324, 1325, 1326, 1329, 1332, 1333, 1334, 1335, 1336, 1339, 1340, 1341, 1342, 1343, 1344, 1346, 1349, 1405, 1427, 1491, 1569, 1656, 1724, 1771], "summary": {"covered_lines": 145, "num_statements": 340, "percent_covered": 42.64705882352941, "percent_covered_display": "43", "missing_lines": 195, "excluded_lines": 0, "percent_statements_covered": 42.64705882352941, "percent_statements_covered_display": "43"}, "missing_lines": [56, 57, 58, 59, 61, 63, 1271, 1277, 1364, 1365, 1366, 1368, 1371, 1372, 1373, 1375, 1376, 1379, 1380, 1381, 1382, 1383, 1384, 1387, 1388, 1389, 1390, 1396, 1397, 1399, 1400, 1402, 1419, 1420, 1421, 1422, 1423, 1424, 1442, 1447, 1449, 1451, 1453, 1455, 1457, 1459, 1461, 1463, 1465, 1467, 1469, 1471, 1473, 1475, 1477, 1479, 1481, 1483, 1485, 1488, 1514, 1515, 1516, 1517, 1519, 1534, 1535, 1536, 1537, 1538, 1539, 1540, 1542, 1545, 1547, 1548, 1549, 1550, 1551, 1552, 1553, 1554, 1555, 1556, 1559, 1560, 1561, 1562, 1564, 1566, 1591, 1592, 1593, 1594, 1595, 1597, 1598, 1600, 1601, 1602, 1603, 1604, 1605, 1606, 1609, 1611, 1612, 1613, 1614, 1615, 1618, 1621, 1622, 1625, 1626, 1627, 1629, 1630, 1631, 1633, 1634, 1635, 1636, 1637, 1638, 1639, 1640, 1641, 1642, 1643, 1645, 1648, 1650, 1651, 1653, 1674, 1677, 1678, 1679, 1680, 1682, 1683, 1684, 1685, 1687, 1688, 1689, 1690, 1691, 1692, 1693, 1694, 1697, 1698, 1699, 1700, 1702, 1703, 1704, 1705, 1706, 1707, 1708, 1709, 1712, 1713, 1716, 1717, 1718, 1719, 1720, 1721, 1725, 1726, 1729, 1731, 1734, 1735, 1736, 1737, 1738, 1739, 1741, 1743, 1744, 1747, 1751, 1756, 1757, 1758, 1761, 1764, 1765, 1768, 1772], "excluded_lines": []}}}, "cli/enhance_skill.py": {"executed_lines": [2, 12, 13, 14, 15, 16, 19, 21, 22, 24, 25, 26, 27, 28, 29], "summary": {"covered_lines": 14, "num_statements": 128, "percent_covered": 10.9375, "percent_covered_display": "11", "missing_lines": 114, "excluded_lines": 0, "percent_statements_covered": 10.9375, "percent_statements_covered_display": "11"}, "missing_lines": [32, 33, 34, 35, 36, 39, 40, 41, 46, 48, 50, 51, 52, 54, 58, 60, 61, 63, 64, 74, 75, 77, 78, 79, 81, 85, 87, 99, 100, 102, 130, 132, 135, 136, 137, 138, 141, 142, 144, 146, 147, 148, 151, 152, 158, 159, 160, 162, 163, 164, 167, 168, 169, 171, 174, 176, 177, 178, 180, 183, 184, 186, 187, 188, 189, 190, 191, 193, 196, 197, 214, 216, 218, 221, 224, 225, 226, 227, 229, 230, 231, 234, 235, 236, 237, 238, 240, 241, 242, 243, 244, 245, 246, 248, 249, 250, 253, 254, 255, 256, 258, 259, 260, 261, 262, 263, 264, 265, 266, 267, 268, 269, 272, 273], "excluded_lines": [], "functions": {"SkillEnhancer.__init__": {"executed_lines": [], "summary": {"covered_lines": 0, "num_statements": 7, "percent_covered": 0.0, "percent_covered_display": "0", "missing_lines": 7, "excluded_lines": 0, "percent_statements_covered": 0.0, "percent_statements_covered_display": "0"}, "missing_lines": [34, 35, 36, 39, 40, 41, 46], "excluded_lines": []}, "SkillEnhancer.read_current_skill_md": {"executed_lines": [], "summary": {"covered_lines": 0, "num_statements": 3, "percent_covered": 0.0, "percent_covered_display": "0", "missing_lines": 3, "excluded_lines": 0, "percent_statements_covered": 0.0, "percent_statements_covered_display": "0"}, "missing_lines": [50, 51, 52], "excluded_lines": []}, "SkillEnhancer.enhance_skill_md": {"executed_lines": [], "summary": {"covered_lines": 0, "num_statements": 10, "percent_covered": 0.0, "percent_covered_display": "0", "missing_lines": 10, "excluded_lines": 0, "percent_statements_covered": 0.0, "percent_statements_covered_display": "0"}, "missing_lines": [58, 60, 61, 63, 64, 74, 75, 77, 78, 79], "excluded_lines": []}, "SkillEnhancer._build_enhancement_prompt": {"executed_lines": [], "summary": {"covered_lines": 0, "num_statements": 6, "percent_covered": 0.0, "percent_covered_display": "0", "missing_lines": 6, "excluded_lines": 0, "percent_statements_covered": 0.0, "percent_statements_covered_display": "0"}, "missing_lines": [85, 87, 99, 100, 102, 130], "excluded_lines": []}, "SkillEnhancer.save_enhanced_skill_md": {"executed_lines": [], "summary": {"covered_lines": 0, "num_statements": 6, "percent_covered": 0.0, "percent_covered_display": "0", "missing_lines": 6, "excluded_lines": 0, "percent_statements_covered": 0.0, "percent_statements_covered_display": "0"}, "missing_lines": [135, 136, 137, 138, 141, 142], "excluded_lines": []}, "SkillEnhancer.run": {"executed_lines": [], "summary": {"covered_lines": 0, "num_statements": 29, "percent_covered": 0.0, "percent_covered_display": "0", "missing_lines": 29, "excluded_lines": 0, "percent_statements_covered": 0.0, "percent_statements_covered_display": "0"}, "missing_lines": [146, 147, 148, 151, 152, 158, 159, 160, 162, 163, 164, 167, 168, 169, 171, 174, 176, 177, 178, 180, 183, 184, 186, 187, 188, 189, 190, 191, 193], "excluded_lines": []}, "main": {"executed_lines": [], "summary": {"covered_lines": 0, "num_statements": 43, "percent_covered": 0.0, "percent_covered_display": "0", "missing_lines": 43, "excluded_lines": 0, "percent_statements_covered": 0.0, "percent_statements_covered_display": "0"}, "missing_lines": [197, 214, 216, 218, 221, 224, 225, 226, 227, 229, 230, 231, 234, 235, 236, 237, 238, 240, 241, 242, 243, 244, 245, 246, 248, 249, 250, 253, 254, 255, 256, 258, 259, 260, 261, 262, 263, 264, 265, 266, 267, 268, 269], "excluded_lines": []}, "": {"executed_lines": [2, 12, 13, 14, 15, 16, 19, 21, 22, 24, 25, 26, 27, 28, 29], "summary": {"covered_lines": 14, "num_statements": 24, "percent_covered": 58.333333333333336, "percent_covered_display": "58", "missing_lines": 10, "excluded_lines": 0, "percent_statements_covered": 58.333333333333336, "percent_statements_covered_display": "58"}, "missing_lines": [32, 33, 48, 54, 81, 132, 144, 196, 272, 273], "excluded_lines": []}}, "classes": {"SkillEnhancer": {"executed_lines": [], "summary": {"covered_lines": 0, "num_statements": 61, "percent_covered": 0.0, "percent_covered_display": "0", "missing_lines": 61, "excluded_lines": 0, "percent_statements_covered": 0.0, "percent_statements_covered_display": "0"}, "missing_lines": [34, 35, 36, 39, 40, 41, 46, 50, 51, 52, 58, 60, 61, 63, 64, 74, 75, 77, 78, 79, 85, 87, 99, 100, 102, 130, 135, 136, 137, 138, 141, 142, 146, 147, 148, 151, 152, 158, 159, 160, 162, 163, 164, 167, 168, 169, 171, 174, 176, 177, 178, 180, 183, 184, 186, 187, 188, 189, 190, 191, 193], "excluded_lines": []}, "": {"executed_lines": [2, 12, 13, 14, 15, 16, 19, 21, 22, 24, 25, 26, 27, 28, 29], "summary": {"covered_lines": 14, "num_statements": 67, "percent_covered": 20.895522388059703, "percent_covered_display": "21", "missing_lines": 53, "excluded_lines": 0, "percent_statements_covered": 20.895522388059703, "percent_statements_covered_display": "21"}, "missing_lines": [32, 33, 48, 54, 81, 132, 144, 196, 197, 214, 216, 218, 221, 224, 225, 226, 227, 229, 230, 231, 234, 235, 236, 237, 238, 240, 241, 242, 243, 244, 245, 246, 248, 249, 250, 253, 254, 255, 256, 258, 259, 260, 261, 262, 263, 264, 265, 266, 267, 268, 269, 272, 273], "excluded_lines": []}}}, "cli/enhance_skill_local.py": {"executed_lines": [2, 12, 13, 14, 15, 16, 17, 20, 22, 23, 26, 27, 32, 111, 214, 231], "summary": {"covered_lines": 15, "num_statements": 105, "percent_covered": 14.285714285714286, "percent_covered_display": "14", "missing_lines": 90, "excluded_lines": 0, "percent_statements_covered": 14.285714285714286, "percent_statements_covered_display": "14"}, "missing_lines": [28, 29, 30, 36, 42, 43, 44, 47, 48, 49, 52, 63, 64, 66, 109, 113, 114, 115, 118, 119, 120, 123, 124, 130, 131, 132, 134, 135, 136, 139, 140, 142, 143, 146, 147, 148, 150, 153, 154, 155, 156, 157, 158, 159, 162, 172, 173, 174, 176, 179, 181, 182, 183, 184, 185, 186, 188, 189, 190, 191, 192, 193, 195, 196, 197, 198, 199, 200, 201, 202, 203, 204, 205, 206, 207, 208, 209, 211, 215, 216, 217, 218, 219, 220, 221, 223, 225, 226, 228, 232], "excluded_lines": [], "functions": {"LocalSkillEnhancer.__init__": {"executed_lines": [], "summary": {"covered_lines": 0, "num_statements": 3, "percent_covered": 0.0, "percent_covered_display": "0", "missing_lines": 3, "excluded_lines": 0, "percent_statements_covered": 0.0, "percent_statements_covered_display": "0"}, "missing_lines": [28, 29, 30], "excluded_lines": []}, "LocalSkillEnhancer.create_enhancement_prompt": {"executed_lines": [], "summary": {"covered_lines": 0, "num_statements": 12, "percent_covered": 0.0, "percent_covered_display": "0", "missing_lines": 12, "excluded_lines": 0, "percent_statements_covered": 0.0, "percent_statements_covered_display": "0"}, "missing_lines": [36, 42, 43, 44, 47, 48, 49, 52, 63, 64, 66, 109], "excluded_lines": []}, "LocalSkillEnhancer.run": {"executed_lines": [], "summary": {"covered_lines": 0, "num_statements": 63, "percent_covered": 0.0, "percent_covered_display": "0", "missing_lines": 63, "excluded_lines": 0, "percent_statements_covered": 0.0, "percent_statements_covered_display": "0"}, "missing_lines": [113, 114, 115, 118, 119, 120, 123, 124, 130, 131, 132, 134, 135, 136, 139, 140, 142, 143, 146, 147, 148, 150, 153, 154, 155, 156, 157, 158, 159, 162, 172, 173, 174, 176, 179, 181, 182, 183, 184, 185, 186, 188, 189, 190, 191, 192, 193, 195, 196, 197, 198, 199, 200, 201, 202, 203, 204, 205, 206, 207, 208, 209, 211], "excluded_lines": []}, "main": {"executed_lines": [], "summary": {"covered_lines": 0, "num_statements": 11, "percent_covered": 0.0, "percent_covered_display": "0", "missing_lines": 11, "excluded_lines": 0, "percent_statements_covered": 0.0, "percent_statements_covered_display": "0"}, "missing_lines": [215, 216, 217, 218, 219, 220, 221, 223, 225, 226, 228], "excluded_lines": []}, "": {"executed_lines": [2, 12, 13, 14, 15, 16, 17, 20, 22, 23, 26, 27, 32, 111, 214, 231], "summary": {"covered_lines": 15, "num_statements": 16, "percent_covered": 93.75, "percent_covered_display": "94", "missing_lines": 1, "excluded_lines": 0, "percent_statements_covered": 93.75, "percent_statements_covered_display": "94"}, "missing_lines": [232], "excluded_lines": []}}, "classes": {"LocalSkillEnhancer": {"executed_lines": [], "summary": {"covered_lines": 0, "num_statements": 78, "percent_covered": 0.0, "percent_covered_display": "0", "missing_lines": 78, "excluded_lines": 0, "percent_statements_covered": 0.0, "percent_statements_covered_display": "0"}, "missing_lines": [28, 29, 30, 36, 42, 43, 44, 47, 48, 49, 52, 63, 64, 66, 109, 113, 114, 115, 118, 119, 120, 123, 124, 130, 131, 132, 134, 135, 136, 139, 140, 142, 143, 146, 147, 148, 150, 153, 154, 155, 156, 157, 158, 159, 162, 172, 173, 174, 176, 179, 181, 182, 183, 184, 185, 186, 188, 189, 190, 191, 192, 193, 195, 196, 197, 198, 199, 200, 201, 202, 203, 204, 205, 206, 207, 208, 209, 211], "excluded_lines": []}, "": {"executed_lines": [2, 12, 13, 14, 15, 16, 17, 20, 22, 23, 26, 27, 32, 111, 214, 231], "summary": {"covered_lines": 15, "num_statements": 27, "percent_covered": 55.55555555555556, "percent_covered_display": "56", "missing_lines": 12, "excluded_lines": 0, "percent_statements_covered": 55.55555555555556, "percent_statements_covered_display": "56"}, "missing_lines": [215, 216, 217, 218, 219, 220, 221, 223, 225, 226, 228, 232], "excluded_lines": []}}}, "cli/estimate_pages.py": {"executed_lines": [2, 7, 8, 9, 10, 11, 12, 13, 16, 18, 25, 37, 38, 39, 40, 42, 43, 44, 46, 47, 50, 52, 53, 54, 55, 57, 61, 63, 65, 68, 69, 72, 75, 76, 79, 84, 86, 89, 90, 94, 95, 97, 100, 101, 102, 105, 106, 109, 110, 113, 114, 117, 119, 121, 126, 129, 139, 142, 145, 146, 149, 150, 151, 152, 155, 156, 157, 158, 159, 165, 219, 233, 287], "summary": {"covered_lines": 72, "num_statements": 155, "percent_covered": 46.45161290322581, "percent_covered_display": "46", "missing_lines": 83, "excluded_lines": 0, "percent_statements_covered": 46.45161290322581, "percent_statements_covered_display": "46"}, "missing_lines": [58, 59, 73, 80, 81, 82, 91, 122, 124, 162, 167, 168, 169, 170, 171, 172, 173, 174, 175, 176, 177, 178, 179, 180, 182, 183, 184, 185, 186, 187, 188, 189, 191, 192, 193, 194, 195, 197, 198, 200, 201, 203, 204, 205, 206, 209, 210, 212, 213, 214, 216, 221, 222, 223, 224, 225, 226, 227, 228, 229, 230, 235, 237, 253, 254, 256, 258, 261, 264, 267, 270, 271, 272, 275, 276, 277, 279, 280, 281, 282, 283, 284, 288], "excluded_lines": [], "functions": {"estimate_pages": {"executed_lines": [37, 38, 39, 40, 42, 43, 44, 46, 47, 50, 52, 53, 54, 55, 57, 61, 63, 65, 68, 69, 72, 75, 76, 79, 84, 86, 89, 90, 94, 95, 97, 100, 101, 102, 105, 106, 109, 110, 113, 114, 117, 119, 121, 126, 129, 139], "summary": {"covered_lines": 46, "num_statements": 55, "percent_covered": 83.63636363636364, "percent_covered_display": "84", "missing_lines": 9, "excluded_lines": 0, "percent_statements_covered": 83.63636363636364, "percent_statements_covered_display": "84"}, "missing_lines": [58, 59, 73, 80, 81, 82, 91, 122, 124], "excluded_lines": []}, "is_valid_url": {"executed_lines": [145, 146, 149, 150, 151, 152, 155, 156, 157, 158, 159], "summary": {"covered_lines": 11, "num_statements": 12, "percent_covered": 91.66666666666667, "percent_covered_display": "92", "missing_lines": 1, "excluded_lines": 0, "percent_statements_covered": 91.66666666666667, "percent_statements_covered_display": "92"}, "missing_lines": [162], "excluded_lines": []}, "print_results": {"executed_lines": [], "summary": {"covered_lines": 0, "num_statements": 41, "percent_covered": 0.0, "percent_covered_display": "0", "missing_lines": 41, "excluded_lines": 0, "percent_statements_covered": 0.0, "percent_statements_covered_display": "0"}, "missing_lines": [167, 168, 169, 170, 171, 172, 173, 174, 175, 176, 177, 178, 179, 180, 182, 183, 184, 185, 186, 187, 188, 189, 191, 192, 193, 194, 195, 197, 198, 200, 201, 203, 204, 205, 206, 209, 210, 212, 213, 214, 216], "excluded_lines": []}, "load_config": {"executed_lines": [], "summary": {"covered_lines": 0, "num_statements": 10, "percent_covered": 0.0, "percent_covered_display": "0", "missing_lines": 10, "excluded_lines": 0, "percent_statements_covered": 0.0, "percent_statements_covered_display": "0"}, "missing_lines": [221, 222, 223, 224, 225, 226, 227, 228, 229, 230], "excluded_lines": []}, "main": {"executed_lines": [], "summary": {"covered_lines": 0, "num_statements": 21, "percent_covered": 0.0, "percent_covered_display": "0", "missing_lines": 21, "excluded_lines": 0, "percent_statements_covered": 0.0, "percent_statements_covered_display": "0"}, "missing_lines": [235, 237, 253, 254, 256, 258, 261, 264, 267, 270, 271, 272, 275, 276, 277, 279, 280, 281, 282, 283, 284], "excluded_lines": []}, "": {"executed_lines": [2, 7, 8, 9, 10, 11, 12, 13, 16, 18, 25, 142, 165, 219, 233, 287], "summary": {"covered_lines": 15, "num_statements": 16, "percent_covered": 93.75, "percent_covered_display": "94", "missing_lines": 1, "excluded_lines": 0, "percent_statements_covered": 93.75, "percent_statements_covered_display": "94"}, "missing_lines": [288], "excluded_lines": []}}, "classes": {"": {"executed_lines": [2, 7, 8, 9, 10, 11, 12, 13, 16, 18, 25, 37, 38, 39, 40, 42, 43, 44, 46, 47, 50, 52, 53, 54, 55, 57, 61, 63, 65, 68, 69, 72, 75, 76, 79, 84, 86, 89, 90, 94, 95, 97, 100, 101, 102, 105, 106, 109, 110, 113, 114, 117, 119, 121, 126, 129, 139, 142, 145, 146, 149, 150, 151, 152, 155, 156, 157, 158, 159, 165, 219, 233, 287], "summary": {"covered_lines": 72, "num_statements": 155, "percent_covered": 46.45161290322581, "percent_covered_display": "46", "missing_lines": 83, "excluded_lines": 0, "percent_statements_covered": 46.45161290322581, "percent_statements_covered_display": "46"}, "missing_lines": [58, 59, 73, 80, 81, 82, 91, 122, 124, 162, 167, 168, 169, 170, 171, 172, 173, 174, 175, 176, 177, 178, 179, 180, 182, 183, 184, 185, 186, 187, 188, 189, 191, 192, 193, 194, 195, 197, 198, 200, 201, 203, 204, 205, 206, 209, 210, 212, 213, 214, 216, 221, 222, 223, 224, 225, 226, 227, 228, 229, 230, 235, 237, 253, 254, 256, 258, 261, 264, 267, 270, 271, 272, 275, 276, 277, 279, 280, 281, 282, 283, 284, 288], "excluded_lines": []}}}, "cli/generate_router.py": {"executed_lines": [], "summary": {"covered_lines": 0, "num_statements": 112, "percent_covered": 0.0, "percent_covered_display": "0", "missing_lines": 112, "excluded_lines": 0, "percent_statements_covered": 0.0, "percent_statements_covered_display": "0"}, "missing_lines": [9, 10, 11, 12, 13, 16, 19, 20, 21, 22, 23, 25, 27, 28, 29, 30, 31, 32, 34, 37, 38, 39, 42, 43, 44, 45, 47, 49, 51, 52, 53, 56, 57, 60, 61, 62, 64, 66, 68, 70, 72, 87, 88, 89, 91, 92, 94, 97, 104, 105, 106, 109, 137, 138, 140, 151, 153, 155, 157, 170, 172, 174, 175, 177, 180, 181, 182, 184, 185, 188, 189, 191, 192, 194, 197, 198, 217, 223, 228, 233, 236, 237, 238, 239, 240, 242, 243, 244, 246, 247, 248, 249, 250, 251, 252, 255, 256, 258, 259, 260, 261, 262, 263, 264, 265, 266, 267, 268, 269, 270, 273, 274], "excluded_lines": [], "functions": {"RouterGenerator.__init__": {"executed_lines": [], "summary": {"covered_lines": 0, "num_statements": 4, "percent_covered": 0.0, "percent_covered_display": "0", "missing_lines": 4, "excluded_lines": 0, "percent_statements_covered": 0.0, "percent_statements_covered_display": "0"}, "missing_lines": [20, 21, 22, 23], "excluded_lines": []}, "RouterGenerator.load_config": {"executed_lines": [], "summary": {"covered_lines": 0, "num_statements": 6, "percent_covered": 0.0, "percent_covered_display": "0", "missing_lines": 6, "excluded_lines": 0, "percent_statements_covered": 0.0, "percent_statements_covered_display": "0"}, "missing_lines": [27, 28, 29, 30, 31, 32], "excluded_lines": []}, "RouterGenerator.infer_router_name": {"executed_lines": [], "summary": {"covered_lines": 0, "num_statements": 7, "percent_covered": 0.0, "percent_covered_display": "0", "missing_lines": 7, "excluded_lines": 0, "percent_statements_covered": 0.0, "percent_statements_covered_display": "0"}, "missing_lines": [37, 38, 39, 42, 43, 44, 45], "excluded_lines": []}, "RouterGenerator.extract_routing_keywords": {"executed_lines": [], "summary": {"covered_lines": 0, "num_statements": 11, "percent_covered": 0.0, "percent_covered_display": "0", "missing_lines": 11, "excluded_lines": 0, "percent_statements_covered": 0.0, "percent_statements_covered_display": "0"}, "missing_lines": [49, 51, 52, 53, 56, 57, 60, 61, 62, 64, 66], "excluded_lines": []}, "RouterGenerator.generate_skill_md": {"executed_lines": [], "summary": {"covered_lines": 0, "num_statements": 17, "percent_covered": 0.0, "percent_covered_display": "0", "missing_lines": 17, "excluded_lines": 0, "percent_statements_covered": 0.0, "percent_statements_covered_display": "0"}, "missing_lines": [70, 72, 87, 88, 89, 91, 92, 94, 97, 104, 105, 106, 109, 137, 138, 140, 151], "excluded_lines": []}, "RouterGenerator.create_router_config": {"executed_lines": [], "summary": {"covered_lines": 0, "num_statements": 3, "percent_covered": 0.0, "percent_covered_display": "0", "missing_lines": 3, "excluded_lines": 0, "percent_statements_covered": 0.0, "percent_statements_covered_display": "0"}, "missing_lines": [155, 157, 170], "excluded_lines": []}, "RouterGenerator.generate": {"executed_lines": [], "summary": {"covered_lines": 0, "num_statements": 13, "percent_covered": 0.0, "percent_covered_display": "0", "missing_lines": 13, "excluded_lines": 0, "percent_statements_covered": 0.0, "percent_statements_covered_display": "0"}, "missing_lines": [174, 175, 177, 180, 181, 182, 184, 185, 188, 189, 191, 192, 194], "excluded_lines": []}, "main": {"executed_lines": [], "summary": {"covered_lines": 0, "num_statements": 35, "percent_covered": 0.0, "percent_covered_display": "0", "missing_lines": 35, "excluded_lines": 0, "percent_statements_covered": 0.0, "percent_statements_covered_display": "0"}, "missing_lines": [198, 217, 223, 228, 233, 236, 237, 238, 239, 240, 242, 243, 244, 246, 247, 248, 249, 250, 251, 252, 255, 256, 258, 259, 260, 261, 262, 263, 264, 265, 266, 267, 268, 269, 270], "excluded_lines": []}, "": {"executed_lines": [], "summary": {"covered_lines": 0, "num_statements": 16, "percent_covered": 0.0, "percent_covered_display": "0", "missing_lines": 16, "excluded_lines": 0, "percent_statements_covered": 0.0, "percent_statements_covered_display": "0"}, "missing_lines": [9, 10, 11, 12, 13, 16, 19, 25, 34, 47, 68, 153, 172, 197, 273, 274], "excluded_lines": []}}, "classes": {"RouterGenerator": {"executed_lines": [], "summary": {"covered_lines": 0, "num_statements": 61, "percent_covered": 0.0, "percent_covered_display": "0", "missing_lines": 61, "excluded_lines": 0, "percent_statements_covered": 0.0, "percent_statements_covered_display": "0"}, "missing_lines": [20, 21, 22, 23, 27, 28, 29, 30, 31, 32, 37, 38, 39, 42, 43, 44, 45, 49, 51, 52, 53, 56, 57, 60, 61, 62, 64, 66, 70, 72, 87, 88, 89, 91, 92, 94, 97, 104, 105, 106, 109, 137, 138, 140, 151, 155, 157, 170, 174, 175, 177, 180, 181, 182, 184, 185, 188, 189, 191, 192, 194], "excluded_lines": []}, "": {"executed_lines": [], "summary": {"covered_lines": 0, "num_statements": 51, "percent_covered": 0.0, "percent_covered_display": "0", "missing_lines": 51, "excluded_lines": 0, "percent_statements_covered": 0.0, "percent_statements_covered_display": "0"}, "missing_lines": [9, 10, 11, 12, 13, 16, 19, 25, 34, 47, 68, 153, 172, 197, 198, 217, 223, 228, 233, 236, 237, 238, 239, 240, 242, 243, 244, 246, 247, 248, 249, 250, 251, 252, 255, 256, 258, 259, 260, 261, 262, 263, 264, 265, 266, 267, 268, 269, 270, 273, 274], "excluded_lines": []}}}, "cli/github_scraper.py": {"executed_lines": [2, 17, 18, 19, 20, 21, 22, 23, 24, 25, 27, 28, 29, 35, 36, 37, 43, 47, 50, 51, 66, 68, 69, 70, 71, 74, 75, 76, 79, 80, 81, 82, 83, 84, 85, 88, 89, 94, 95, 98, 110, 116, 117, 118, 119, 122, 123, 124, 125, 127, 128, 130, 175, 177, 179, 180, 202, 203, 204, 207, 209, 212, 215, 216, 217, 218, 219, 220, 221, 222, 223, 225, 227, 244, 246, 248, 249, 250, 252, 260, 265, 292, 397, 399, 401, 403, 405, 406, 408, 409, 411, 423, 425, 426, 428, 429, 431, 433, 436, 440, 441, 442, 443, 444, 445, 446, 447, 448, 450, 452, 454, 456, 457, 459, 460, 461, 473, 475, 476, 481, 491, 492, 496, 498, 499, 500, 503, 504, 507, 509, 511, 514, 515, 517, 519, 522, 523, 524, 525, 528, 531, 533, 535, 537, 539, 592, 593, 594, 596, 598, 600, 601, 604, 605, 606, 608, 610, 612, 613, 616, 617, 618, 620, 622, 625, 626, 627, 628, 629, 632, 633, 634, 635, 636, 639, 640, 643, 644, 647, 650, 652, 654, 657, 658, 660, 661, 662, 663, 664, 665, 667, 668, 674, 675, 676, 677, 679, 681, 683, 685, 686, 687, 688, 690, 691, 693, 694, 695, 696, 698, 720, 785], "summary": {"covered_lines": 209, "num_statements": 369, "percent_covered": 56.639566395663955, "percent_covered_display": "57", "missing_lines": 160, "excluded_lines": 0, "percent_statements_covered": 56.639566395663955, "percent_statements_covered_display": "57"}, "missing_lines": [30, 31, 32, 38, 39, 40, 90, 91, 135, 136, 139, 142, 145, 148, 149, 152, 153, 156, 157, 160, 162, 163, 165, 166, 167, 168, 169, 170, 171, 172, 173, 183, 200, 205, 232, 235, 238, 241, 242, 262, 263, 267, 269, 270, 271, 273, 274, 276, 281, 283, 284, 286, 287, 289, 290, 301, 302, 303, 305, 306, 307, 309, 312, 313, 314, 315, 318, 319, 322, 330, 331, 332, 333, 336, 337, 339, 340, 343, 344, 347, 348, 349, 350, 353, 354, 355, 357, 363, 364, 370, 374, 375, 376, 379, 380, 381, 383, 391, 392, 394, 478, 479, 483, 485, 486, 488, 512, 602, 614, 648, 669, 670, 671, 672, 689, 700, 702, 703, 704, 707, 708, 709, 710, 712, 714, 715, 716, 717, 72
[...]
nes": []}, "UnifiedScraper.run": {"executed_lines": [], "summary": {"covered_lines": 0, "num_statements": 23, "percent_covered": 0.0, "percent_covered_display": "0", "missing_lines": 23, "excluded_lines": 0, "percent_statements_covered": 0.0, "percent_statements_covered_display": "0"}, "missing_lines": [381, 382, 383, 385, 387, 390, 393, 394, 395, 398, 400, 401, 402, 404, 405, 407, 408, 409, 410, 411, 412, 413, 414], "excluded_lines": []}, "main": {"executed_lines": [], "summary": {"covered_lines": 0, "num_statements": 6, "percent_covered": 0.0, "percent_covered_display": "0", "missing_lines": 6, "excluded_lines": 0, "percent_statements_covered": 0.0, "percent_statements_covered_display": "0"}, "missing_lines": [419, 435, 437, 441, 444, 445], "excluded_lines": []}, "": {"executed_lines": [], "summary": {"covered_lines": 0, "num_statements": 32, "percent_covered": 0.0, "percent_covered_display": "0", "missing_lines": 32, "excluded_lines": 0, "percent_statements_covered": 0.0, "percent_statements_covered_display": "0"}, "missing_lines": [15, 16, 17, 18, 19, 20, 21, 22, 25, 26, 27, 28, 29, 30, 31, 32, 33, 35, 39, 42, 54, 84, 119, 169, 210, 246, 302, 346, 377, 417, 448, 449], "excluded_lines": []}}, "classes": {"UnifiedScraper": {"executed_lines": [], "summary": {"covered_lines": 0, "num_statements": 172, "percent_covered": 0.0, "percent_covered_display": "0", "missing_lines": 172, "excluded_lines": 0, "percent_statements_covered": 0.0, "percent_statements_covered_display": "0"}, "missing_lines": [62, 65, 66, 67, 70, 71, 74, 77, 78, 79, 81, 82, 90, 91, 92, 94, 95, 96, 98, 100, 101, 102, 104, 105, 106, 107, 108, 109, 110, 112, 113, 114, 115, 117, 122, 133, 134, 135, 138, 140, 141, 143, 145, 146, 147, 150, 152, 153, 154, 156, 161, 163, 166, 167, 171, 173, 174, 175, 176, 177, 180, 194, 195, 196, 199, 200, 201, 203, 208, 212, 214, 215, 216, 217, 218, 221, 230, 231, 232, 235, 236, 237, 239, 244, 255, 256, 257, 259, 260, 261, 264, 265, 267, 268, 269, 272, 273, 275, 276, 279, 280, 283, 284, 287, 288, 289, 290, 291, 292, 293, 294, 295, 296, 297, 298, 300, 309, 310, 311, 313, 314, 315, 318, 319, 322, 323, 325, 326, 329, 330, 332, 335, 338, 339, 340, 342, 344, 353, 354, 355, 358, 359, 360, 361, 362, 363, 366, 373, 375, 381, 382, 383, 385, 387, 390, 393, 394, 395, 398, 400, 401, 402, 404, 405, 407, 408, 409, 410, 411, 412, 413, 414], "excluded_lines": []}, "": {"executed_lines": [], "summary": {"covered_lines": 0, "num_statements": 38, "percent_covered": 0.0, "percent_covered_display": "0", "missing_lines": 38, "excluded_lines": 0, "percent_statements_covered": 0.0, "percent_statements_covered_display": "0"}, "missing_lines": [15, 16, 17, 18, 19, 20, 21, 22, 25, 26, 27, 28, 29, 30, 31, 32, 33, 35, 39, 42, 54, 84, 119, 169, 210, 246, 302, 346, 377, 417, 419, 435, 437, 441, 444, 445, 448, 449], "excluded_lines": []}}}, "cli/unified_skill_builder.py": {"executed_lines": [], "summary": {"covered_lines": 0, "num_statements": 255, "percent_covered": 0.0, "percent_covered_display": "0", "missing_lines": 255, "excluded_lines": 0, "percent_statements_covered": 0.0, "percent_statements_covered_display": "0"}, "missing_lines": [15, 16, 17, 18, 19, 21, 22, 25, 30, 41, 42, 43, 44, 46, 47, 48, 51, 52, 53, 54, 56, 58, 61, 64, 67, 68, 70, 72, 74, 76, 87, 88, 89, 90, 91, 92, 93, 94, 95, 96, 97, 100, 101, 102, 105, 106, 107, 108, 110, 111, 112, 114, 117, 118, 121, 122, 124, 125, 126, 129, 130, 131, 132, 133, 135, 136, 137, 139, 140, 142, 143, 145, 147, 149, 150, 152, 153, 155, 157, 158, 161, 162, 163, 164, 167, 168, 169, 170, 171, 174, 175, 176, 177, 178, 181, 182, 183, 184, 185, 188, 189, 190, 191, 192, 194, 196, 198, 200, 201, 202, 203, 205, 207, 208, 211, 212, 215, 216, 217, 218, 220, 221, 222, 223, 224, 227, 228, 230, 232, 234, 236, 237, 238, 240, 241, 242, 243, 244, 245, 246, 247, 249, 250, 251, 253, 255, 257, 260, 261, 263, 264, 266, 267, 270, 271, 273, 275, 276, 279, 280, 281, 282, 284, 286, 288, 289, 291, 294, 295, 296, 297, 298, 301, 302, 303, 304, 305, 307, 308, 309, 310, 311, 312, 315, 316, 317, 318, 320, 321, 322, 323, 324, 325, 327, 329, 331, 332, 335, 336, 337, 338, 340, 342, 344, 345, 347, 349, 350, 351, 353, 355, 356, 357, 358, 360, 362, 364, 366, 367, 368, 371, 372, 373, 375, 376, 377, 378, 381, 382, 383, 385, 386, 387, 389, 390, 393, 394, 396, 397, 398, 400, 401, 403, 406, 408, 410, 411, 412, 414, 416, 417, 420, 430, 431, 433], "excluded_lines": [], "functions": {"UnifiedSkillBuilder.__init__": {"executed_lines": [], "summary": {"covered_lines": 0, "num_statements": 11, "percent_covered": 0.0, "percent_covered_display": "0", "missing_lines": 11, "excluded_lines": 0, "percent_statements_covered": 0.0, "percent_statements_covered_display": "0"}, "missing_lines": [41, 42, 43, 44, 46, 47, 48, 51, 52, 53, 54], "excluded_lines": []}, "UnifiedSkillBuilder.build": {"executed_lines": [], "summary": {"covered_lines": 0, "num_statements": 6, "percent_covered": 0.0, "percent_covered_display": "0", "missing_lines": 6, "excluded_lines": 0, "percent_statements_covered": 0.0, "percent_statements_covered_display": "0"}, "missing_lines": [58, 61, 64, 67, 68, 70], "excluded_lines": []}, "UnifiedSkillBuilder._generate_skill_md": {"executed_lines": [], "summary": {"covered_lines": 0, "num_statements": 44, "percent_covered": 0.0, "percent_covered_display": "0", "missing_lines": 44, "excluded_lines": 0, "percent_statements_covered": 0.0, "percent_statements_covered_display": "0"}, "missing_lines": [74, 76, 87, 88, 89, 90, 91, 92, 93, 94, 95, 96, 97, 100, 101, 102, 105, 106, 107, 108, 110, 111, 112, 114, 117, 118, 121, 122, 124, 125, 126, 129, 130, 131, 132, 133, 135, 136, 137, 139, 140, 142, 143, 145], "excluded_lines": []}, "UnifiedSkillBuilder._format_merged_apis": {"executed_lines": [], "summary": {"covered_lines": 0, "num_statements": 33, "percent_covered": 0.0, "percent_covered_display": "0", "missing_lines": 33, "excluded_lines": 0, "percent_statements_covered": 0.0, "percent_statements_covered_display": "0"}, "missing_lines": [149, 150, 152, 153, 155, 157, 158, 161, 162, 163, 164, 167, 168, 169, 170, 171, 174, 175, 176, 177, 178, 181, 182, 183, 184, 185, 188, 189, 190, 191, 192, 194, 196], "excluded_lines": []}, "UnifiedSkillBuilder._format_api_entry": {"executed_lines": [], "summary": {"covered_lines": 0, "num_statements": 22, "percent_covered": 0.0, "percent_covered_display": "0", "missing_lines": 22, "excluded_lines": 0, "percent_statements_covered": 0.0, "percent_statements_covered_display": "0"}, "missing_lines": [200, 201, 202, 203, 205, 207, 208, 211, 212, 215, 216, 217, 218, 220, 221, 222, 223, 224, 227, 228, 230, 232], "excluded_lines": []}, "UnifiedSkillBuilder._format_code_signature": {"executed_lines": [], "summary": {"covered_lines": 0, "num_statements": 15, "percent_covered": 0.0, "percent_covered_display": "0", "missing_lines": 15, "excluded_lines": 0, "percent_statements_covered": 0.0, "percent_statements_covered_display": "0"}, "missing_lines": [236, 237, 238, 240, 241, 242, 243, 244, 245, 246, 247, 249, 250, 251, 253], "excluded_lines": []}, "UnifiedSkillBuilder._generate_references": {"executed_lines": [], "summary": {"covered_lines": 0, "num_statements": 9, "percent_covered": 0.0, "percent_covered_display": "0", "missing_lines": 9, "excluded_lines": 0, "percent_statements_covered": 0.0, "percent_statements_covered_display": "0"}, "missing_lines": [257, 260, 261, 263, 264, 266, 267, 270, 271], "excluded_lines": []}, "UnifiedSkillBuilder._generate_docs_references": {"executed_lines": [], "summary": {"covered_lines": 0, "num_statements": 7, "percent_covered": 0.0, "percent_covered_display": "0", "missing_lines": 7, "excluded_lines": 0, "percent_statements_covered": 0.0, "percent_statements_covered_display": "0"}, "missing_lines": [275, 276, 279, 280, 281, 282, 284], "excluded_lines": []}, "UnifiedSkillBuilder._generate_github_references": {"executed_lines": [], "summary": {"covered_lines": 0, "num_statements": 30, "percent_covered": 0.0, "percent_covered_display": "0", "missing_lines": 30, "excluded_lines": 0, "percent_statements_covered": 0.0, "percent_statements_covered_display": "0"}, "missing_lines": [288, 289, 291, 294, 295, 296, 297, 298, 301, 302, 303, 304, 305, 307, 308, 309, 310, 311, 312, 315, 316, 317, 318, 320, 321, 322, 323, 324, 325, 327], "excluded_lines": []}, "UnifiedSkillBuilder._generate_pdf_references": {"executed_lines": [], "summary": {"covered_lines": 0, "num_statements": 7, "percent_covered": 0.0, "percent_covered_display": "0", "missing_lines": 7, "excluded_lines": 0, "percent_statements_covered": 0.0, "percent_statements_covered_display": "0"}, "missing_lines": [331, 332, 335, 336, 337, 338, 340], "excluded_lines": []}, "UnifiedSkillBuilder._generate_merged_api_reference": {"executed_lines": [], "summary": {"covered_lines": 0, "num_statements": 12, "percent_covered": 0.0, "percent_covered_display": "0", "missing_lines": 12, "excluded_lines": 0, "percent_statements_covered": 0.0, "percent_statements_covered_display": "0"}, "missing_lines": [344, 345, 347, 349, 350, 351, 353, 355, 356, 357, 358, 360], "excluded_lines": []}, "UnifiedSkillBuilder._generate_conflicts_report": {"executed_lines": [], "summary": {"covered_lines": 0, "num_statements": 27, "percent_covered": 0.0, "percent_covered_display": "0", "missing_lines": 27, "excluded_lines": 0, "percent_statements_covered": 0.0, "percent_statements_covered_display": "0"}, "missing_lines": [364, 366, 367, 368, 371, 372, 373, 375, 376, 377, 378, 381, 382, 383, 385, 386, 387, 389, 390, 393, 394, 396, 397, 398, 400, 401, 403], "excluded_lines": []}, "": {"executed_lines": [], "summary": {"covered_lines": 0, "num_statements": 32, "percent_covered": 0.0, "percent_covered_display": "0", "missing_lines": 32, "excluded_lines": 0, "percent_statements_covered": 0.0, "percent_statements_covered_display": "0"}, "missing_lines": [15, 16, 17, 18, 19, 21, 22, 25, 30, 56, 72, 147, 198, 234, 255, 273, 286, 329, 342, 362, 406, 408, 410, 411, 412, 414, 416, 417, 420, 430, 431, 433], "excluded_lines": []}}, "classes": {"UnifiedSkillBuilder": {"executed_lines": [], "summary": {"covered_lines": 0, "num_statements": 223, "percent_covered": 0.0, "percent_covered_display": "0", "missing_lines": 223, "excluded_lines": 0, "percent_statements_covered": 0.0, "percent_statements_covered_display": "0"}, "missing_lines": [41, 42, 43, 44, 46, 47, 48, 51, 52, 53, 54, 58, 61, 64, 67, 68, 70, 74, 76, 87, 88, 89, 90, 91, 92, 93, 94, 95, 96, 97, 100, 101, 102, 105, 106, 107, 108, 110, 111, 112, 114, 117, 118, 121, 122, 124, 125, 126, 129, 130, 131, 132, 133, 135, 136, 137, 139, 140, 142, 143, 145, 149, 150, 152, 153, 155, 157, 158, 161, 162, 163, 164, 167, 168, 169, 170, 171, 174, 175, 176, 177, 178, 181, 182, 183, 184, 185, 188, 189, 190, 191, 192, 194, 196, 200, 201, 202, 203, 205, 207, 208, 211, 212, 215, 216, 217, 218, 220, 221, 222, 223, 224, 227, 228, 230, 232, 236, 237, 238, 240, 241, 242, 243, 244, 245, 246, 247, 249, 250, 251, 253, 257, 260, 261, 263, 264, 266, 267, 270, 271, 275, 276, 279, 280, 281, 282, 284, 288, 289, 291, 294, 295, 296, 297, 298, 301, 302, 303, 304, 305, 307, 308, 309, 310, 311, 312, 315, 316, 317, 318, 320, 321, 322, 323, 324, 325, 327, 331, 332, 335, 336, 337, 338, 340, 344, 345, 347, 349, 350, 351, 353, 355, 356, 357, 358, 360, 364, 366, 367, 368, 371, 372, 373, 375, 376, 377, 378, 381, 382, 383, 385, 386, 387, 389, 390, 393, 394, 396, 397, 398, 400, 401, 403], "excluded_lines": []}, "": {"executed_lines": [], "summary": {"covered_lines": 0, "num_statements": 32, "percent_covered": 0.0, "percent_covered_display": "0", "missing_lines": 32, "excluded_lines": 0, "percent_statements_covered": 0.0, "percent_statements_covered_display": "0"}, "missing_lines": [15, 16, 17, 18, 19, 21, 22, 25, 30, 56, 72, 147, 198, 234, 255, 273, 286, 329, 342, 362, 406, 408, 410, 411, 412, 414, 416, 417, 420, 430, 431, 433], "excluded_lines": []}}}, "cli/upload_skill.py": {"executed_lines": [2, 15, 16, 17, 18, 19, 22, 23, 39, 50, 51, 56, 57, 58, 61, 62, 63, 65, 66, 68, 69, 70, 71, 74, 75, 80, 82, 83, 86, 88, 92, 100, 109, 112, 117, 118, 130, 173], "summary": {"covered_lines": 37, "num_statements": 70, "percent_covered": 52.857142857142854, "percent_covered_display": "53", "missing_lines": 33, "excluded_lines": 0, "percent_statements_covered": 52.857142857142854, "percent_statements_covered_display": "53"}, "missing_lines": [29, 30, 31, 52, 53, 101, 102, 103, 104, 105, 106, 107, 110, 113, 114, 120, 121, 123, 124, 126, 127, 131, 153, 158, 161, 163, 164, 166, 167, 168, 169, 170, 174], "excluded_lines": [], "functions": {"upload_skill_api": {"executed_lines": [50, 51, 56, 57, 58, 61, 62, 63, 65, 66, 68, 69, 70, 71, 74, 75, 80, 82, 83, 86, 88, 92, 100, 109, 112, 117, 118], "summary": {"covered_lines": 27, "num_statements": 45, "percent_covered": 60.0, "percent_covered_display": "60", "missing_lines": 18, "excluded_lines": 0, "percent_statements_covered": 60.0, "percent_statements_covered_display": "60"}, "missing_lines": [52, 53, 101, 102, 103, 104, 105, 106, 107, 110, 113, 114, 120, 121, 123, 124, 126, 127], "excluded_lines": []}, "main": {"executed_lines": [], "summary": {"covered_lines": 0, "num_statements": 11, "percent_covered": 0.0, "percent_covered_display": "0", "missing_lines": 11, "excluded_lines": 0, "percent_statements_covered": 0.0, "percent_statements_covered_display": "0"}, "missing_lines": [131, 153, 158, 161, 163, 164, 166, 167, 168, 169, 170], "excluded_lines": []}, "": {"executed_lines": [2, 15, 16, 17, 18, 19, 22, 23, 39, 130, 173], "summary": {"covered_lines": 10, "num_statements": 14, "percent_covered": 71.42857142857143, "percent_covered_display": "71", "missing_lines": 4, "excluded_lines": 0, "percent_statements_covered": 71.42857142857143, "percent_statements_covered_display": "71"}, "missing_lines": [29, 30, 31, 174], "excluded_lines": []}}, "classes": {"": {"executed_lines": [2, 15, 16, 17, 18, 19, 22, 23, 39, 50, 51, 56, 57, 58, 61, 62, 63, 65, 66, 68, 69, 70, 71, 74, 75, 80, 82, 83, 86, 88, 92, 100, 109, 112, 117, 118, 130, 173], "summary": {"covered_lines": 37, "num_statements": 70, "percent_covered": 52.857142857142854, "percent_covered_display": "53", "missing_lines": 33, "excluded_lines": 0, "percent_statements_covered": 52.857142857142854, "percent_statements_covered_display": "53"}, "missing_lines": [29, 30, 31, 52, 53, 101, 102, 103, 104, 105, 106, 107, 110, 113, 114, 120, 121, 123, 124, 126, 127, 131, 153, 158, 161, 163, 164, 166, 167, 168, 169, 170, 174], "excluded_lines": []}}}, "cli/utils.py": {"executed_lines": [2, 6, 7, 8, 9, 10, 11, 14, 54, 61, 62, 65, 72, 73, 76, 83, 86, 93, 95, 96, 97, 98, 99, 100, 101, 102, 103, 104, 105, 106, 109, 119, 120, 121, 122, 124, 127, 137, 139, 140, 142, 143, 145, 146, 147, 149, 152, 162, 164, 165, 167, 168, 170, 171, 173, 176], "summary": {"covered_lines": 55, "num_statements": 96, "percent_covered": 57.291666666666664, "percent_covered_display": "57", "missing_lines": 41, "excluded_lines": 0, "percent_statements_covered": 57.291666666666664, "percent_statements_covered_display": "57"}, "missing_lines": [24, 26, 27, 28, 30, 32, 33, 35, 36, 37, 38, 39, 41, 42, 44, 46, 47, 48, 49, 50, 51, 195, 197, 198, 199, 201, 202, 203, 205, 206, 207, 208, 210, 213, 214, 216, 217, 220, 221, 222, 224], "excluded_lines": [], "functions": {"open_folder": {"executed_lines": [], "summary": {"covered_lines": 0, "num_statements": 21, "percent_covered": 0.0, "percent_covered_display": "0", "missing_lines": 21, "excluded_lines": 0, "percent_statements_covered": 0.0, "percent_statements_covered_display": "0"}, "missing_lines": [24, 26, 27, 28, 30, 32, 33, 35, 36, 37, 38, 39, 41, 42, 44, 46, 47, 48, 49, 50, 51], "excluded_lines": []}, "has_api_key": {"executed_lines": [61, 62], "summary": {"covered_lines": 2, "num_statements": 2, "percent_covered": 100.0, "percent_covered_display": "100", "missing_lines": 0, "excluded_lines": 0, "percent_statements_covered": 100.0, "percent_statements_covered_display": "100"}, "missing_lines": [], "excluded_lines": []}, "get_api_key": {"executed_lines": [72, 73], "summary": {"covered_lines": 2, "num_statements": 2, "percent_covered": 100.0, "percent_covered_display": "100", "missing_lines": 0, "excluded_lines": 0, "percent_statements_covered": 100.0, "percent_statements_covered_display": "100"}, "missing_lines": [], "excluded_lines": []}, "get_upload_url": {"executed_lines": [83], "summary": {"covered_lines": 1, "num_statements": 1, "percent_covered": 100.0, "percent_covered_display": "100", "missing_lines": 0, "excluded_lines": 0, "percent_statements_covered": 100.0, "percent_statements_covered_display": "100"}, "missing_lines": [], "excluded_lines": []}, "print_upload_instructions": {"executed_lines": [93, 95, 96, 97, 98, 99, 100, 101, 102, 103, 104, 105, 106], "summary": {"covered_lines": 13, "num_statements": 13, "percent_covered": 100.0, "percent_covered_display": "100", "missing_lines": 0, "excluded_lines": 0, "percent_statements_covered": 100.0, "percent_statements_covered_display": "100"}, "missing_lines": [], "excluded_lines": []}, "format_file_size": {"executed_lines": [119, 120, 121, 122, 124], "summary": {"covered_lines": 5, "num_statements": 5, "percent_covered": 100.0, "percent_covered_display": "100", "missing_lines": 0, "excluded_lines": 0, "percent_statements_covered": 100.0, "percent_statements_covered_display": "100"}, "missing_lines": [], "excluded_lines": []}, "validate_skill_directory": {"executed_lines": [137, 139, 140, 142, 143, 145, 146, 147, 149], "summary": {"covered_lines": 9, "num_statements": 9, "percent_covered": 100.0, "percent_covered_display": "100", "missing_lines": 0, "excluded_lines": 0, "percent_statements_covered": 100.0, "percent_statements_covered_display": "100"}, "missing_lines": [], "excluded_lines": []}, "validate_zip_file": {"executed_lines": [162, 164, 165, 167, 168, 170, 171, 173], "summary": {"covered_lines": 8, "num_statements": 8, "percent_covered": 100.0, "percent_covered_display": "100", "missing_lines": 0, "excluded_lines": 0, "percent_statements_covered": 100.0, "percent_statements_covered_display": "100"}, "missing_lines": [], "excluded_lines": []}, "read_reference_files": {"executed_lines": [], "summary": {"covered_lines": 0, "num_statements": 20, "percent_covered": 0.0, "percent_covered_display": "0", "missing_lines": 20, "excluded_lines": 0, "percent_statements_covered": 0.0, "percent_statements_covered_display": "0"}, "missing_lines": [195, 197, 198, 199, 201, 202, 203, 205, 206, 207, 208, 210, 213, 214, 216, 217, 220, 221, 222, 224], "excluded_lines": []}, "": {"executed_lines": [2, 6, 7, 8, 9, 10, 11, 14, 54, 65, 76, 86, 109, 127, 152, 176], "summary": {"covered_lines": 15, "num_statements": 15, "percent_covered": 100.0, "percent_covered_display": "100", "missing_lines": 0, "excluded_lines": 0, "percent_statements_covered": 100.0, "percent_statements_covered_display": "100"}, "missing_lines": [], "excluded_lines": []}}, "classes": {"": {"executed_lines": [2, 6, 7, 8, 9, 10, 11, 14, 54, 61, 62, 65, 72, 73, 76, 83, 86, 93, 95, 96, 97, 98, 99, 100, 101, 102, 103, 104, 105, 106, 109, 119, 120, 121, 122, 124, 127, 137, 139, 140, 142, 143, 145, 146, 147, 149, 152, 162, 164, 165, 167, 168, 170, 171, 173, 176], "summary": {"covered_lines": 55, "num_statements": 96, "percent_covered": 57.291666666666664, "percent_covered_display": "57", "missing_lines": 41, "excluded_lines": 0, "percent_statements_covered": 57.291666666666664, "percent_statements_covered_display": "57"}, "missing_lines": [24, 26, 27, 28, 30, 32, 33, 35, 36, 37, 38, 39, 41, 42, 44, 46, 47, 48, 49, 50, 51, 195, 197, 198, 199, 201, 202, 203, 205, 206, 207, 208, 210, 213, 214, 216, 217, 220, 221, 222, 224], "excluded_lines": []}}}}, "totals": {"covered_lines": 2137, "num_statements": 5391, "percent_covered": 39.64014097570024, "percent_covered_display": "40", "missing_lines": 3254, "excluded_lines": 0, "percent_statements_covered": 39.64014097570024, "percent_statements_covered_display": "40"}}